{"meta": {"format": 3, "version": "7.11.0", "timestamp": "2025-11-25T11:16:26.707177", "branch_coverage": true, "show_contexts": false}, "files": {"src/jn/__init__.py": {"executed_lines": [1, 3], "summary": {"covered_lines": 1, "num_statements": 1, "percent_covered": 100.0, "percent_covered_display": "100", "missing_lines": 0, "excluded_lines": 0, "num_branches": 0, "num_partial_branches": 0, "covered_branches": 0, "missing_branches": 0}, "missing_lines": [], "excluded_lines": [], "executed_branches": [], "missing_branches": [], "functions": {"": {"executed_lines": [1, 3], "summary": {"covered_lines": 1, "num_statements": 1, "percent_covered": 100.0, "percent_covered_display": "100", "missing_lines": 0, "excluded_lines": 0, "num_branches": 0, "num_partial_branches": 0, "covered_branches": 0, "missing_branches": 0}, "missing_lines": [], "excluded_lines": [], "executed_branches": [], "missing_branches": []}}, "classes": {"": {"executed_lines": [1, 3], "summary": {"covered_lines": 1, "num_statements": 1, "percent_covered": 100.0, "percent_covered_display": "100", "missing_lines": 0, "excluded_lines": 0, "num_branches": 0, "num_partial_branches": 0, "covered_branches": 0, "missing_branches": 0}, "missing_lines": [], "excluded_lines": [], "executed_branches": [], "missing_branches": []}}}, "src/jn/addressing/__init__.py": {"executed_lines": [1, 21, 22, 23, 25], "summary": {"covered_lines": 4, "num_statements": 4, "percent_covered": 100.0, "percent_covered_display": "100", "missing_lines": 0, "excluded_lines": 0, "num_branches": 0, "num_partial_branches": 0, "covered_branches": 0, "missing_branches": 0}, "missing_lines": [], "excluded_lines": [], "executed_branches": [], "missing_branches": [], "functions": {"": {"executed_lines": [1, 21, 22, 23, 25], "summary": {"covered_lines": 4, "num_statements": 4, "percent_covered": 100.0, "percent_covered_display": "100", "missing_lines": 0, "excluded_lines": 0, "num_branches": 0, "num_partial_branches": 0, "covered_branches": 0, "missing_branches": 0}, "missing_lines": [], "excluded_lines": [], "executed_branches": [], "missing_branches": []}}, "classes": {"": {"executed_lines": [1, 21, 22, 23, 25], "summary": {"covered_lines": 4, "num_statements": 4, "percent_covered": 100.0, "percent_covered_display": "100", "missing_lines": 0, "excluded_lines": 0, "num_branches": 0, "num_partial_branches": 0, "covered_branches": 0, "missing_branches": 0}, "missing_lines": [], "excluded_lines": [], "executed_branches": [], "missing_branches": []}}}, "src/jn/addressing/parser.py": {"executed_lines": [1, 12, 13, 15, 18, 50, 51, 53, 57, 65, 66, 68, 71, 72, 73, 75, 76, 79, 80, 82, 83, 86, 87, 89, 91, 93, 98, 100, 101, 104, 105, 108, 109, 110, 111, 112, 113, 114, 117, 120, 122, 132, 145, 149, 152, 153, 159, 160, 161, 162, 163, 164, 165, 166, 167, 169, 170, 173, 174, 176, 178, 179, 182, 183, 184, 185, 186, 187, 188, 189, 191, 196, 197, 198, 199, 203, 206, 225, 227, 234, 259, 260, 261, 262, 263, 265, 266, 267, 269, 272, 290, 294, 295, 297, 298, 299, 302, 303, 304, 309, 310, 312, 313, 315, 322, 323, 325, 326, 330, 331, 334], "summary": {"covered_lines": 110, "num_statements": 123, "percent_covered": 86.47342995169082, "percent_covered_display": "86", "missing_lines": 13, "excluded_lines": 0, "num_branches": 84, "num_partial_branches": 15, "covered_branches": 69, "missing_branches": 15}, "missing_lines": [146, 154, 201, 231, 291, 296, 311, 314, 316, 324, 327, 332, 335], "excluded_lines": [], "executed_branches": [[50, 51], [50, 53], [66, 68], [66, 98], [71, 72], [71, 75], [79, 80], [79, 82], [82, 83], [82, 86], [86, 87], [86, 91], [98, 100], [98, 104], [110, 111], [110, 117], [111, 110], [111, 112], [145, 149], [152, 153], [152, 196], [153, 159], [160, 161], [160, 169], [161, 160], [161, 162], [169, 170], [169, 173], [173, 174], [173, 176], [182, 183], [182, 191], [183, 184], [184, 183], [184, 185], [186, 187], [197, 198], [197, 203], [198, 199], [225, 227], [259, 260], [259, 261], [261, 262], [261, 266], [262, 263], [262, 265], [266, 267], [266, 269], [290, 294], [294, 295], [294, 309], [295, 297], [298, 299], [298, 302], [303, 304], [303, 309], [309, 310], [309, 322], [310, 312], [313, 315], [315, 322], [322, 323], [322, 330], [323, 325], [326, 330], [330, -272], [330, 331], [331, 334], [334, -272]], "missing_branches": [[145, 146], [153, 154], [183, 191], [186, 189], [198, 201], [225, 231], [290, 291], [295, 296], [310, 311], [313, 314], [315, 316], [323, 324], [326, 327], [331, 332], [334, 335]], "functions": {"parse_address": {"executed_lines": [50, 51, 53, 57, 65, 66, 68, 71, 72, 73, 75, 76, 79, 80, 82, 83, 86, 87, 89, 91, 93, 98, 100, 101, 104, 105, 108, 109, 110, 111, 112, 113, 114, 117, 120, 122], "summary": {"covered_lines": 36, "num_statements": 36, "percent_covered": 100.0, "percent_covered_display": "100", "missing_lines": 0, "excluded_lines": 0, "num_branches": 18, "num_partial_branches": 0, "covered_branches": 18, "missing_branches": 0}, "missing_lines": [], "excluded_lines": [], "executed_branches": [[50, 51], [50, 53], [66, 68], [66, 98], [71, 72], [71, 75], [79, 80], [79, 82], [82, 83], [82, 86], [86, 87], [86, 91], [98, 100], [98, 104], [110, 111], [110, 117], [111, 110], [111, 112]], "missing_branches": []}, "_parse_query_string": {"executed_lines": [145, 149, 152, 153, 159, 160, 161, 162, 163, 164, 165, 166, 167, 169, 170, 173, 174, 176, 178, 179, 182, 183, 184, 185, 186, 187, 188, 189, 191, 196, 197, 198, 199, 203], "summary": {"covered_lines": 34, "num_statements": 37, "percent_covered": 87.3015873015873, "percent_covered_display": "87", "missing_lines": 3, "excluded_lines": 0, "num_branches": 26, "num_partial_branches": 5, "covered_branches": 21, "missing_branches": 5}, "missing_lines": [146, 154, 201], "excluded_lines": [], "executed_branches": [[145, 149], [152, 153], [152, 196], [153, 159], [160, 161], [160, 169], [161, 160], [161, 162], [169, 170], [169, 173], [173, 174], [173, 176], [182, 183], [182, 191], [183, 184], [184, 183], [184, 185], [186, 187], [197, 198], [197, 203], [198, 199]], "missing_branches": [[145, 146], [153, 154], [183, 191], [186, 189], [198, 201]]}, "_expand_shorthand": {"executed_lines": [225, 227], "summary": {"covered_lines": 2, "num_statements": 3, "percent_covered": 60.0, "percent_covered_display": "60", "missing_lines": 1, "excluded_lines": 0, "num_branches": 2, "num_partial_branches": 1, "covered_branches": 1, "missing_branches": 1}, "missing_lines": [231], "excluded_lines": [], "executed_branches": [[225, 227]], "missing_branches": [[225, 231]]}, "_determine_type": {"executed_lines": [259, 260, 261, 262, 263, 265, 266, 267, 269], "summary": {"covered_lines": 9, "num_statements": 9, "percent_covered": 100.0, "percent_covered_display": "100", "missing_lines": 0, "excluded_lines": 0, "num_branches": 8, "num_partial_branches": 0, "covered_branches": 8, "missing_branches": 0}, "missing_lines": [], "excluded_lines": [], "executed_branches": [[259, 260], [259, 261], [261, 262], [261, 266], [262, 263], [262, 265], [266, 267], [266, 269]], "missing_branches": []}, "_validate_address": {"executed_lines": [290, 294, 295, 297, 298, 299, 302, 303, 304, 309, 310, 312, 313, 315, 322, 323, 325, 326, 330, 331, 334], "summary": {"covered_lines": 21, "num_statements": 30, "percent_covered": 70.0, "percent_covered_display": "70", "missing_lines": 9, "excluded_lines": 0, "num_branches": 30, "num_partial_branches": 9, "covered_branches": 21, "missing_branches": 9}, "missing_lines": [291, 296, 311, 314, 316, 324, 327, 332, 335], "excluded_lines": [], "executed_branches": [[290, 294], [294, 295], [294, 309], [295, 297], [298, 299], [298, 302], [303, 304], [303, 309], [309, 310], [309, 322], [310, 312], [313, 315], [315, 322], [322, 323], [322, 330], [323, 325], [326, 330], [330, -272], [330, 331], [331, 334], [334, -272]], "missing_branches": [[290, 291], [295, 296], [310, 311], [313, 314], [315, 316], [323, 324], [326, 327], [331, 332], [334, 335]]}, "": {"executed_lines": [1, 12, 13, 15, 18, 132, 206, 234, 272], "summary": {"covered_lines": 8, "num_statements": 8, "percent_covered": 100.0, "percent_covered_display": "100", "missing_lines": 0, "excluded_lines": 0, "num_branches": 0, "num_partial_branches": 0, "covered_branches": 0, "missing_branches": 0}, "missing_lines": [], "excluded_lines": [], "executed_branches": [], "missing_branches": []}}, "classes": {"": {"executed_lines": [1, 12, 13, 15, 18, 50, 51, 53, 57, 65, 66, 68, 71, 72, 73, 75, 76, 79, 80, 82, 83, 86, 87, 89, 91, 93, 98, 100, 101, 104, 105, 108, 109, 110, 111, 112, 113, 114, 117, 120, 122, 132, 145, 149, 152, 153, 159, 160, 161, 162, 163, 164, 165, 166, 167, 169, 170, 173, 174, 176, 178, 179, 182, 183, 184, 185, 186, 187, 188, 189, 191, 196, 197, 198, 199, 203, 206, 225, 227, 234, 259, 260, 261, 262, 263, 265, 266, 267, 269, 272, 290, 294, 295, 297, 298, 299, 302, 303, 304, 309, 310, 312, 313, 315, 322, 323, 325, 326, 330, 331, 334], "summary": {"covered_lines": 110, "num_statements": 123, "percent_covered": 86.47342995169082, "percent_covered_display": "86", "missing_lines": 13, "excluded_lines": 0, "num_branches": 84, "num_partial_branches": 15, "covered_branches": 69, "missing_branches": 15}, "missing_lines": [146, 154, 201, 231, 291, 296, 311, 314, 316, 324, 327, 332, 335], "excluded_lines": [], "executed_branches": [[50, 51], [50, 53], [66, 68], [66, 98], [71, 72], [71, 75], [79, 80], [79, 82], [82, 83], [82, 86], [86, 87], [86, 91], [98, 100], [98, 104], [110, 111], [110, 117], [111, 110], [111, 112], [145, 149], [152, 153], [152, 196], [153, 159], [160, 161], [160, 169], [161, 160], [161, 162], [169, 170], [169, 173], [173, 174], [173, 176], [182, 183], [182, 191], [183, 184], [184, 183], [184, 185], [186, 187], [197, 198], [197, 203], [198, 199], [225, 227], [259, 260], [259, 261], [261, 262], [261, 266], [262, 263], [262, 265], [266, 267], [266, 269], [290, 294], [294, 295], [294, 309], [295, 297], [298, 299], [298, 302], [303, 304], [303, 309], [309, 310], [309, 322], [310, 312], [313, 315], [315, 322], [322, 323], [322, 330], [323, 325], [326, 330], [330, -272], [330, 331], [331, 334], [334, -272]], "missing_branches": [[145, 146], [153, 154], [183, 191], [186, 189], [198, 201], [225, 231], [290, 291], [295, 296], [310, 311], [313, 314], [315, 316], [323, 324], [326, 327], [331, 332], [334, 335]]}}}, "src/jn/addressing/resolver.py": {"executed_lines": [1, 3, 4, 5, 7, 12, 13, 14, 15, 18, 19, 21, 24, 25, 26, 36, 37, 38, 39, 40, 43, 44, 64, 77, 78, 79, 80, 81, 83, 85, 86, 89, 91, 104, 107, 110, 111, 116, 117, 119, 122, 124, 133, 158, 162, 167, 170, 173, 176, 179, 180, 183, 185, 186, 193, 194, 202, 205, 209, 211, 212, 213, 217, 219, 221, 224, 231, 236, 246, 249, 257, 260, 261, 268, 271, 272, 279, 282, 284, 285, 286, 287, 293, 303, 305, 306, 308, 314, 316, 330, 331, 334, 335, 338, 341, 351, 352, 353, 356, 357, 360, 361, 364, 367, 368, 370, 373, 377, 378, 379, 381, 384, 385, 390, 391, 395, 396, 397, 398, 400, 402, 405, 414, 415, 421, 434, 435, 439, 440, 441, 445, 446, 454, 465, 471, 483, 486, 490, 491, 495, 496, 497, 500, 501, 502, 503, 535, 548, 549, 550, 553, 554, 557, 562, 574, 575, 576, 577, 580, 582, 584, 585, 590, 594, 598, 603, 604, 606, 608, 612, 636, 637, 639, 643, 647, 648, 652, 657, 662, 663, 666, 670, 673, 675, 677, 700, 701, 702, 703, 704, 706, 723, 724, 725, 726, 727, 730, 732, 733, 734, 740, 757, 758, 764, 767, 784, 785, 789, 790, 794, 795, 798, 801], "summary": {"covered_lines": 209, "num_statements": 260, "percent_covered": 77.89473684210526, "percent_covered_display": "78", "missing_lines": 51, "excluded_lines": 0, "num_branches": 120, "num_partial_branches": 23, "covered_branches": 87, "missing_branches": 33}, "missing_lines": [188, 196, 197, 198, 288, 309, 310, 363, 392, 393, 406, 408, 411, 417, 436, 451, 484, 492, 506, 515, 527, 529, 555, 586, 587, 591, 595, 599, 649, 650, 653, 654, 664, 667, 669, 741, 742, 745, 746, 748, 749, 750, 751, 753, 768, 769, 774, 777, 778, 779, 788], "excluded_lines": [], "executed_branches": [[85, -83], [85, 86], [116, 117], [116, 119], [162, 167], [162, 170], [173, 176], [173, 271], [176, 179], [176, 205], [183, 185], [185, 186], [194, 202], [209, 211], [209, 260], [217, 219], [217, 221], [282, 284], [282, 314], [287, 293], [303, 305], [303, 306], [306, 308], [330, 331], [330, 334], [334, 335], [334, 338], [338, 341], [338, 384], [360, 361], [367, 368], [367, 381], [368, 367], [368, 370], [373, 367], [373, 377], [378, 373], [378, 379], [384, 385], [384, 405], [395, 396], [396, 397], [396, 402], [398, 396], [398, 400], [405, 414], [414, 415], [435, 439], [440, 441], [440, 445], [445, 446], [445, 454], [446, 445], [483, 486], [491, 495], [496, 497], [496, 500], [501, 502], [549, 550], [549, 553], [554, 557], [575, 576], [575, 580], [585, 590], [590, 594], [594, 598], [598, 603], [636, 637], [636, 639], [643, 647], [643, 675], [652, 657], [657, 662], [657, 673], [663, 666], [723, 724], [723, 730], [725, 726], [725, 727], [730, 732], [730, 794], [740, 757], [758, 764], [758, 767], [767, 784], [795, 798], [795, 801]], "missing_branches": [[183, 193], [185, 188], [194, 196], [197, 198], [197, 202], [287, 288], [306, 314], [360, 363], [395, 402], [405, 406], [406, 408], [406, 411], [414, 417], [435, 436], [446, 451], [483, 484], [491, 492], [501, 506], [554, 555], [585, 586], [590, 591], [594, 595], [598, 599], [652, 653], [663, 664], [740, 741], [748, 749], [748, 757], [749, 750], [749, 757], [751, 749], [751, 753], [767, 768]], "functions": {"AddressResolver.__init__": {"executed_lines": [77, 78, 79, 80, 81], "summary": {"covered_lines": 5, "num_statements": 5, "percent_covered": 100.0, "percent_covered_display": "100", "missing_lines": 0, "excluded_lines": 0, "num_branches": 0, "num_partial_branches": 0, "covered_branches": 0, "missing_branches": 0}, "missing_lines": [], "excluded_lines": [], "executed_branches": [], "missing_branches": []}, "AddressResolver._ensure_plugins_loaded": {"executed_lines": [85, 86, 89], "summary": {"covered_lines": 3, "num_statements": 3, "percent_covered": 100.0, "percent_covered_display": "100", "missing_lines": 0, "excluded_lines": 0, "num_branches": 2, "num_partial_branches": 0, "covered_branches": 2, "missing_branches": 0}, "missing_lines": [], "excluded_lines": [], "executed_branches": [[85, -83], [85, 86]], "missing_branches": []}, "AddressResolver.resolve": {"executed_lines": [104, 107, 110, 111, 116, 117, 119, 122, 124], "summary": {"covered_lines": 9, "num_statements": 9, "percent_covered": 100.0, "percent_covered_display": "100", "missing_lines": 0, "excluded_lines": 0, "num_branches": 2, "num_partial_branches": 0, "covered_branches": 2, "missing_branches": 0}, "missing_lines": [], "excluded_lines": [], "executed_branches": [[116, 117], [116, 119]], "missing_branches": []}, "AddressResolver.plan_execution": {"executed_lines": [158, 162, 167, 170, 173, 176, 179, 180, 183, 185, 186, 193, 194, 202, 205, 209, 211, 212, 213, 217, 219, 221, 224, 231, 236, 246, 249, 257, 260, 261, 268, 271, 272, 279, 282, 284, 285, 286, 287, 293, 303, 305, 306, 308, 314], "summary": {"covered_lines": 45, "num_statements": 52, "percent_covered": 82.05128205128206, "percent_covered_display": "82", "missing_lines": 7, "excluded_lines": 0, "num_branches": 26, "num_partial_branches": 5, "covered_branches": 19, "missing_branches": 7}, "missing_lines": [188, 196, 197, 198, 288, 309, 310], "excluded_lines": [], "executed_branches": [[162, 167], [162, 170], [173, 176], [173, 271], [176, 179], [176, 205], [183, 185], [185, 186], [194, 202], [209, 211], [209, 260], [217, 219], [217, 221], [282, 284], [282, 314], [287, 293], [303, 305], [303, 306], [306, 308]], "missing_branches": [[183, 193], [185, 188], [194, 196], [197, 198], [197, 202], [287, 288], [306, 314]]}, "AddressResolver._find_plugin": {"executed_lines": [330, 331, 334, 335, 338, 341, 351, 352, 353, 356, 357, 360, 361, 364, 367, 368, 370, 373, 377, 378, 379, 381, 384, 385, 390, 391, 395, 396, 397, 398, 400, 402, 405, 414, 415], "summary": {"covered_lines": 35, "num_statements": 42, "percent_covered": 81.94444444444444, "percent_covered_display": "82", "missing_lines": 7, "excluded_lines": 0, "num_branches": 30, "num_partial_branches": 4, "covered_branches": 24, "missing_branches": 6}, "missing_lines": [363, 392, 393, 406, 408, 411, 417], "excluded_lines": [], "executed_branches": [[330, 331], [330, 334], [334, 335], [334, 338], [338, 341], [338, 384], [360, 361], [367, 368], [367, 381], [368, 367], [368, 370], [373, 367], [373, 377], [378, 373], [378, 379], [384, 385], [384, 405], [395, 396], [396, 397], [396, 402], [398, 396], [398, 400], [405, 414], [414, 415]], "missing_branches": [[360, 363], [395, 402], [405, 406], [406, 408], [406, 411], [414, 417]]}, "AddressResolver._find_plugin_by_format": {"executed_lines": [434, 435, 439, 440, 441, 445, 446, 454, 465], "summary": {"covered_lines": 9, "num_statements": 11, "percent_covered": 78.94736842105263, "percent_covered_display": "79", "missing_lines": 2, "excluded_lines": 0, "num_branches": 8, "num_partial_branches": 2, "covered_branches": 6, "missing_branches": 2}, "missing_lines": [436, 451], "excluded_lines": [], "executed_branches": [[435, 439], [440, 441], [440, 445], [445, 446], [445, 454], [446, 445]], "missing_branches": [[435, 436], [446, 451]]}, "AddressResolver._find_plugin_by_protocol": {"executed_lines": [483, 486, 490, 491, 495, 496, 497, 500, 501, 502, 503], "summary": {"covered_lines": 11, "num_statements": 17, "percent_covered": 64.0, "percent_covered_display": "64", "missing_lines": 6, "excluded_lines": 0, "num_branches": 8, "num_partial_branches": 3, "covered_branches": 5, "missing_branches": 3}, "missing_lines": [484, 492, 506, 515, 527, 529], "excluded_lines": [], "executed_branches": [[483, 486], [491, 495], [496, 497], [496, 500], [501, 502]], "missing_branches": [[483, 484], [491, 492], [501, 506]]}, "AddressResolver._find_plugin_by_name": {"executed_lines": [548, 549, 550, 553, 554, 557], "summary": {"covered_lines": 6, "num_statements": 7, "percent_covered": 81.81818181818181, "percent_covered_display": "82", "missing_lines": 1, "excluded_lines": 0, "num_branches": 4, "num_partial_branches": 1, "covered_branches": 3, "missing_branches": 1}, "missing_lines": [555], "excluded_lines": [], "executed_branches": [[549, 550], [549, 553], [554, 557]], "missing_branches": [[554, 555]]}, "AddressResolver._find_plugin_by_pattern": {"executed_lines": [574, 575, 576, 577, 580, 582, 584, 585, 590, 594, 598, 603, 604, 606, 608], "summary": {"covered_lines": 15, "num_statements": 20, "percent_covered": 70.0, "percent_covered_display": "70", "missing_lines": 5, "excluded_lines": 0, "num_branches": 10, "num_partial_branches": 4, "covered_branches": 6, "missing_branches": 4}, "missing_lines": [586, 587, 591, 595, 599], "excluded_lines": [], "executed_branches": [[575, 576], [575, 580], [585, 590], [590, 594], [594, 598], [598, 603]], "missing_branches": [[585, 586], [590, 591], [594, 595], [598, 599]]}, "AddressResolver._build_config": {"executed_lines": [636, 637, 639, 643, 647, 648, 652, 657, 662, 663, 666, 670, 673, 675], "summary": {"covered_lines": 14, "num_statements": 21, "percent_covered": 70.96774193548387, "percent_covered_display": "71", "missing_lines": 7, "excluded_lines": 0, "num_branches": 10, "num_partial_branches": 2, "covered_branches": 8, "missing_branches": 2}, "missing_lines": [649, 650, 653, 654, 664, 667, 669], "excluded_lines": [], "executed_branches": [[636, 637], [636, 639], [643, 647], [643, 675], [652, 657], [657, 662], [657, 673], [663, 666]], "missing_branches": [[652, 653], [663, 664]]}, "AddressResolver._is_number": {"executed_lines": [700, 701, 702, 703, 704], "summary": {"covered_lines": 5, "num_statements": 5, "percent_covered": 100.0, "percent_covered_display": "100", "missing_lines": 0, "excluded_lines": 0, "num_branches": 0, "num_partial_branches": 0, "covered_branches": 0, "missing_branches": 0}, "missing_lines": [], "excluded_lines": [], "executed_branches": [], "missing_branches": []}, "AddressResolver._resolve_url_and_headers": {"executed_lines": [723, 724, 725, 726, 727, 730, 732, 733, 734, 740, 757, 758, 764, 767, 784, 785, 789, 790, 794, 795, 798, 801], "summary": {"covered_lines": 22, "num_statements": 38, "percent_covered": 58.62068965517241, "percent_covered_display": "59", "missing_lines": 16, "excluded_lines": 0, "num_branches": 20, "num_partial_branches": 2, "covered_branches": 12, "missing_branches": 8}, "missing_lines": [741, 742, 745, 746, 748, 749, 750, 751, 753, 768, 769, 774, 777, 778, 779, 788], "excluded_lines": [], "executed_branches": [[723, 724], [723, 730], [725, 726], [725, 727], [730, 732], [730, 794], [740, 757], [758, 764], [758, 767], [767, 784], [795, 798], [795, 801]], "missing_branches": [[740, 741], [748, 749], [748, 757], [749, 750], [749, 757], [751, 749], [751, 753], [767, 768]]}, "": {"executed_lines": [1, 3, 4, 5, 7, 12, 13, 14, 15, 18, 19, 21, 24, 25, 26, 36, 37, 38, 39, 40, 43, 44, 64, 83, 91, 133, 316, 421, 471, 535, 562, 612, 677, 706], "summary": {"covered_lines": 30, "num_statements": 30, "percent_covered": 100.0, "percent_covered_display": "100", "missing_lines": 0, "excluded_lines": 0, "num_branches": 0, "num_partial_branches": 0, "covered_branches": 0, "missing_branches": 0}, "missing_lines": [], "excluded_lines": [], "executed_branches": [], "missing_branches": []}}, "classes": {"AddressResolutionError": {"executed_lines": [], "summary": {"covered_lines": 0, "num_statements": 0, "percent_covered": 100.0, "percent_covered_display": "100", "missing_lines": 0, "excluded_lines": 0, "num_branches": 0, "num_partial_branches": 0, "covered_branches": 0, "missing_branches": 0}, "missing_lines": [], "excluded_lines": [], "executed_branches": [], "missing_branches": []}, "ExecutionStage": {"executed_lines": [], "summary": {"covered_lines": 0, "num_statements": 0, "percent_covered": 100.0, "percent_covered_display": "100", "missing_lines": 0, "excluded_lines": 0, "num_branches": 0, "num_partial_branches": 0, "covered_branches": 0, "missing_branches": 0}, "missing_lines": [], "excluded_lines": [], "executed_branches": [], "missing_branches": []}, "AddressResolver": {"executed_lines": [77, 78, 79, 80, 81, 85, 86, 89, 104, 107, 110, 111, 116, 117, 119, 122, 124, 158, 162, 167, 170, 173, 176, 179, 180, 183, 185, 186, 193, 194, 202, 205, 209, 211, 212, 213, 217, 219, 221, 224, 231, 236, 246, 249, 257, 260, 261, 268, 271, 272, 279, 282, 284, 285, 286, 287, 293, 303, 305, 306, 308, 314, 330, 331, 334, 335, 338, 341, 351, 352, 353, 356, 357, 360, 361, 364, 367, 368, 370, 373, 377, 378, 379, 381, 384, 385, 390, 391, 395, 396, 397, 398, 400, 402, 405, 414, 415, 434, 435, 439, 440, 441, 445, 446, 454, 465, 483, 486, 490, 491, 495, 496, 497, 500, 501, 502, 503, 548, 549, 550, 553, 554, 557, 574, 575, 576, 577, 580, 582, 584, 585, 590, 594, 598, 603, 604, 606, 608, 636, 637, 639, 643, 647, 648, 652, 657, 662, 663, 666, 670, 673, 675, 700, 701, 702, 703, 704, 723, 724, 725, 726, 727, 730, 732, 733, 734, 740, 757, 758, 764, 767, 784, 785, 789, 790, 794, 795, 798, 801], "summary": {"covered_lines": 179, "num_statements": 230, "percent_covered": 76.0, "percent_covered_display": "76", "missing_lines": 51, "excluded_lines": 0, "num_branches": 120, "num_partial_branches": 23, "covered_branches": 87, "missing_branches": 33}, "missing_lines": [188, 196, 197, 198, 288, 309, 310, 363, 392, 393, 406, 408, 411, 417, 436, 451, 484, 492, 506, 515, 527, 529, 555, 586, 587, 591, 595, 599, 649, 650, 653, 654, 664, 667, 669, 741, 742, 745, 746, 748, 749, 750, 751, 753, 768, 769, 774, 777, 778, 779, 788], "excluded_lines": [], "executed_branches": [[85, -83], [85, 86], [116, 117], [116, 119], [162, 167], [162, 170], [173, 176], [173, 271], [176, 179], [176, 205], [183, 185], [185, 186], [194, 202], [209, 211], [209, 260], [217, 219], [217, 221], [282, 284], [282, 314], [287, 293], [303, 305], [303, 306], [306, 308], [330, 331], [330, 334], [334, 335], [334, 338], [338, 341], [338, 384], [360, 361], [367, 368], [367, 381], [368, 367], [368, 370], [373, 367], [373, 377], [378, 373], [378, 379], [384, 385], [384, 405], [395, 396], [396, 397], [396, 402], [398, 396], [398, 400], [405, 414], [414, 415], [435, 439], [440, 441], [440, 445], [445, 446], [445, 454], [446, 445], [483, 486], [491, 495], [496, 497], [496, 500], [501, 502], [549, 550], [549, 553], [554, 557], [575, 576], [575, 580], [585, 590], [590, 594], [594, 598], [598, 603], [636, 637], [636, 639], [643, 647], [643, 675], [652, 657], [657, 662], [657, 673], [663, 666], [723, 724], [723, 730], [725, 726], [725, 727], [730, 732], [730, 794], [740, 757], [758, 764], [758, 767], [767, 784], [795, 798], [795, 801]], "missing_branches": [[183, 193], [185, 188], [194, 196], [197, 198], [197, 202], [287, 288], [306, 314], [360, 363], [395, 402], [405, 406], [406, 408], [406, 411], [414, 417], [435, 436], [446, 451], [483, 484], [491, 492], [501, 506], [554, 555], [585, 586], [590, 591], [594, 595], [598, 599], [652, 653], [663, 664], [740, 741], [748, 749], [748, 757], [749, 750], [749, 757], [751, 749], [751, 753], [767, 768]]}, "": {"executed_lines": [1, 3, 4, 5, 7, 12, 13, 14, 15, 18, 19, 21, 24, 25, 26, 36, 37, 38, 39, 40, 43, 44, 64, 83, 91, 133, 316, 421, 471, 535, 562, 612, 677, 706], "summary": {"covered_lines": 30, "num_statements": 30, "percent_covered": 100.0, "percent_covered_display": "100", "missing_lines": 0, "excluded_lines": 0, "num_branches": 0, "num_partial_branches": 0, "covered_branches": 0, "missing_branches": 0}, "missing_lines": [], "excluded_lines": [], "executed_branches": [], "missing_branches": []}}}, "src/jn/addressing/types.py": {"executed_lines": [1, 3, 4, 6, 9, 10, 11, 23, 24, 26, 27, 32, 33, 39, 40, 46, 47, 56, 57, 63, 65, 66, 67, 68, 69, 72, 73, 76, 77, 78, 85, 86, 88, 89, 91, 92, 94, 95, 103, 104, 111, 112, 114], "summary": {"covered_lines": 40, "num_statements": 46, "percent_covered": 81.48148148148148, "percent_covered_display": "81", "missing_lines": 6, "excluded_lines": 0, "num_branches": 8, "num_partial_branches": 0, "covered_branches": 4, "missing_branches": 4}, "missing_lines": [116, 117, 118, 119, 120, 121], "excluded_lines": [], "executed_branches": [[66, 67], [66, 68], [68, 69], [68, 73]], "missing_branches": [[117, 118], [117, 119], [119, 120], [119, 121]], "functions": {"Address.__str__": {"executed_lines": [65, 66, 67, 68, 69, 72, 73], "summary": {"covered_lines": 7, "num_statements": 7, "percent_covered": 100.0, "percent_covered_display": "100", "missing_lines": 0, "excluded_lines": 0, "num_branches": 4, "num_partial_branches": 0, "covered_branches": 4, "missing_branches": 0}, "missing_lines": [], "excluded_lines": [], "executed_branches": [[66, 67], [66, 68], [68, 69], [68, 73]], "missing_branches": []}, "ResolvedAddress.__str__": {"executed_lines": [], "summary": {"covered_lines": 0, "num_statements": 6, "percent_covered": 0.0, "percent_covered_display": "0", "missing_lines": 6, "excluded_lines": 0, "num_branches": 4, "num_partial_branches": 0, "covered_branches": 0, "missing_branches": 4}, "missing_lines": [116, 117, 118, 119, 120, 121], "excluded_lines": [], "executed_branches": [], "missing_branches": [[117, 118], [117, 119], [119, 120], [119, 121]]}, "": {"executed_lines": [1, 3, 4, 6, 9, 10, 11, 23, 24, 26, 27, 32, 33, 39, 40, 46, 47, 56, 57, 63, 76, 77, 78, 85, 86, 88, 89, 91, 92, 94, 95, 103, 104, 111, 112, 114], "summary": {"covered_lines": 33, "num_statements": 33, "percent_covered": 100.0, "percent_covered_display": "100", "missing_lines": 0, "excluded_lines": 0, "num_branches": 0, "num_partial_branches": 0, "covered_branches": 0, "missing_branches": 0}, "missing_lines": [], "excluded_lines": [], "executed_branches": [], "missing_branches": []}}, "classes": {"Address": {"executed_lines": [65, 66, 67, 68, 69, 72, 73], "summary": {"covered_lines": 7, "num_statements": 7, "percent_covered": 100.0, "percent_covered_display": "100", "missing_lines": 0, "excluded_lines": 0, "num_branches": 4, "num_partial_branches": 0, "covered_branches": 4, "missing_branches": 0}, "missing_lines": [], "excluded_lines": [], "executed_branches": [[66, 67], [66, 68], [68, 69], [68, 73]], "missing_branches": []}, "ResolvedAddress": {"executed_lines": [], "summary": {"covered_lines": 0, "num_statements": 6, "percent_covered": 0.0, "percent_covered_display": "0", "missing_lines": 6, "excluded_lines": 0, "num_branches": 4, "num_partial_branches": 0, "covered_branches": 0, "missing_branches": 4}, "missing_lines": [116, 117, 118, 119, 120, 121], "excluded_lines": [], "executed_branches": [], "missing_branches": [[117, 118], [117, 119], [119, 120], [119, 121]]}, "": {"executed_lines": [1, 3, 4, 6, 9, 10, 11, 23, 24, 26, 27, 32, 33, 39, 40, 46, 47, 56, 57, 63, 76, 77, 78, 85, 86, 88, 89, 91, 92, 94, 95, 103, 104, 111, 112, 114], "summary": {"covered_lines": 33, "num_statements": 33, "percent_covered": 100.0, "percent_covered_display": "100", "missing_lines": 0, "excluded_lines": 0, "num_branches": 0, "num_partial_branches": 0, "covered_branches": 0, "missing_branches": 0}, "missing_lines": [], "excluded_lines": [], "executed_branches": [], "missing_branches": []}}}, "src/jn/checker/__init__.py": {"executed_lines": [1, 3, 4, 5, 7, 8, 9, 10, 11, 14, 23, 26, 31, 49, 50, 53, 54, 57, 61, 62, 79, 82, 83, 100, 102, 103, 104, 106, 107, 108, 110, 111, 112, 115, 121, 128, 146, 147, 149, 150, 151, 154, 155], "summary": {"covered_lines": 42, "num_statements": 47, "percent_covered": 80.95238095238095, "percent_covered_display": "81", "missing_lines": 5, "excluded_lines": 0, "num_branches": 16, "num_partial_branches": 7, "covered_branches": 9, "missing_branches": 7}, "missing_lines": [58, 63, 64, 84, 85], "excluded_lines": [], "executed_branches": [[49, 50], [53, 54], [57, 61], [102, 103], [106, 107], [110, 111], [146, 147], [150, 151], [150, 155]], "missing_branches": [[49, 53], [53, 57], [57, 58], [102, 106], [106, 110], [110, 115], [146, 149]], "functions": {"is_plugin_file": {"executed_lines": [23, 26], "summary": {"covered_lines": 2, "num_statements": 2, "percent_covered": 100.0, "percent_covered_display": "100", "missing_lines": 0, "excluded_lines": 0, "num_branches": 0, "num_partial_branches": 0, "covered_branches": 0, "missing_branches": 0}, "missing_lines": [], "excluded_lines": [], "executed_branches": [], "missing_branches": []}, "check_file": {"executed_lines": [49, 50, 53, 54, 57, 61, 62, 79, 82, 83, 100, 102, 103, 104, 106, 107, 108, 110, 111, 112, 115, 121], "summary": {"covered_lines": 22, "num_statements": 27, "percent_covered": 71.7948717948718, "percent_covered_display": "72", "missing_lines": 5, "excluded_lines": 0, "num_branches": 12, "num_partial_branches": 6, "covered_branches": 6, "missing_branches": 6}, "missing_lines": [58, 63, 64, 84, 85], "excluded_lines": [], "executed_branches": [[49, 50], [53, 54], [57, 61], [102, 103], [106, 107], [110, 111]], "missing_branches": [[49, 53], [53, 57], [57, 58], [102, 106], [106, 110], [110, 115]]}, "check_files": {"executed_lines": [146, 147, 149, 150, 151, 154, 155], "summary": {"covered_lines": 7, "num_statements": 7, "percent_covered": 90.9090909090909, "percent_covered_display": "91", "missing_lines": 0, "excluded_lines": 0, "num_branches": 4, "num_partial_branches": 1, "covered_branches": 3, "missing_branches": 1}, "missing_lines": [], "excluded_lines": [], "executed_branches": [[146, 147], [150, 151], [150, 155]], "missing_branches": [[146, 149]]}, "": {"executed_lines": [1, 3, 4, 5, 7, 8, 9, 10, 11, 14, 31, 128], "summary": {"covered_lines": 11, "num_statements": 11, "percent_covered": 100.0, "percent_covered_display": "100", "missing_lines": 0, "excluded_lines": 0, "num_branches": 0, "num_partial_branches": 0, "covered_branches": 0, "missing_branches": 0}, "missing_lines": [], "excluded_lines": [], "executed_branches": [], "missing_branches": []}}, "classes": {"": {"executed_lines": [1, 3, 4, 5, 7, 8, 9, 10, 11, 14, 23, 26, 31, 49, 50, 53, 54, 57, 61, 62, 79, 82, 83, 100, 102, 103, 104, 106, 107, 108, 110, 111, 112, 115, 121, 128, 146, 147, 149, 150, 151, 154, 155], "summary": {"covered_lines": 42, "num_statements": 47, "percent_covered": 80.95238095238095, "percent_covered_display": "81", "missing_lines": 5, "excluded_lines": 0, "num_branches": 16, "num_partial_branches": 7, "covered_branches": 9, "missing_branches": 7}, "missing_lines": [58, 63, 64, 84, 85], "excluded_lines": [], "executed_branches": [[49, 50], [53, 54], [57, 61], [102, 103], [106, 107], [110, 111], [146, 147], [150, 151], [150, 155]], "missing_branches": [[49, 53], [53, 57], [57, 58], [102, 106], [106, 110], [110, 115], [146, 149]]}}}, "src/jn/checker/ast_checker.py": {"executed_lines": [1, 3, 4, 5, 6, 8, 11, 16, 17, 22, 29, 30, 31, 32, 34, 55, 68, 77, 78, 81, 90, 92, 93, 96, 97, 101, 102, 107, 116, 117, 118, 119, 120, 123, 132, 133, 134, 135, 137, 138, 139, 142, 146], "summary": {"covered_lines": 41, "num_statements": 46, "percent_covered": 88.33333333333333, "percent_covered_display": "88", "missing_lines": 5, "excluded_lines": 0, "num_branches": 14, "num_partial_branches": 2, "covered_branches": 12, "missing_branches": 2}, "missing_lines": [94, 103, 104, 140, 141], "excluded_lines": [], "executed_branches": [[93, 96], [117, 118], [117, 120], [118, 117], [118, 119], [133, 134], [133, 142], [134, 135], [134, 139], [135, 133], [135, 137], [139, 133]], "missing_branches": [[93, 94], [139, 140]], "functions": {"BaseChecker.__init__": {"executed_lines": [29, 30, 31, 32], "summary": {"covered_lines": 4, "num_statements": 4, "percent_covered": 100.0, "percent_covered_display": "100", "missing_lines": 0, "excluded_lines": 0, "num_branches": 0, "num_partial_branches": 0, "covered_branches": 0, "missing_branches": 0}, "missing_lines": [], "excluded_lines": [], "executed_branches": [], "missing_branches": []}, "BaseChecker.add_violation": {"executed_lines": [55], "summary": {"covered_lines": 1, "num_statements": 1, "percent_covered": 100.0, "percent_covered_display": "100", "missing_lines": 0, "excluded_lines": 0, "num_branches": 0, "num_partial_branches": 0, "covered_branches": 0, "missing_branches": 0}, "missing_lines": [], "excluded_lines": [], "executed_branches": [], "missing_branches": []}, "BaseChecker.check": {"executed_lines": [77, 78], "summary": {"covered_lines": 2, "num_statements": 2, "percent_covered": 100.0, "percent_covered_display": "100", "missing_lines": 0, "excluded_lines": 0, "num_branches": 0, "num_partial_branches": 0, "covered_branches": 0, "missing_branches": 0}, "missing_lines": [], "excluded_lines": [], "executed_branches": [], "missing_branches": []}, "parse_pep723": {"executed_lines": [90, 92, 93, 96, 97, 101, 102], "summary": {"covered_lines": 7, "num_statements": 10, "percent_covered": 66.66666666666667, "percent_covered_display": "67", "missing_lines": 3, "excluded_lines": 0, "num_branches": 2, "num_partial_branches": 1, "covered_branches": 1, "missing_branches": 1}, "missing_lines": [94, 103, 104], "excluded_lines": [], "executed_branches": [[93, 96]], "missing_branches": [[93, 94]]}, "get_function_names": {"executed_lines": [116, 117, 118, 119, 120], "summary": {"covered_lines": 5, "num_statements": 5, "percent_covered": 100.0, "percent_covered_display": "100", "missing_lines": 0, "excluded_lines": 0, "num_branches": 4, "num_partial_branches": 0, "covered_branches": 4, "missing_branches": 0}, "missing_lines": [], "excluded_lines": [], "executed_branches": [[117, 118], [117, 120], [118, 117], [118, 119]], "missing_branches": []}, "get_imports": {"executed_lines": [132, 133, 134, 135, 137, 138, 139, 142], "summary": {"covered_lines": 8, "num_statements": 10, "percent_covered": 83.33333333333333, "percent_covered_display": "83", "missing_lines": 2, "excluded_lines": 0, "num_branches": 8, "num_partial_branches": 1, "covered_branches": 7, "missing_branches": 1}, "missing_lines": [140, 141], "excluded_lines": [], "executed_branches": [[133, 134], [133, 142], [134, 135], [134, 139], [135, 133], [135, 137], [139, 133]], "missing_branches": [[139, 140]]}, "": {"executed_lines": [1, 3, 4, 5, 6, 8, 11, 16, 17, 22, 34, 68, 81, 107, 123, 146], "summary": {"covered_lines": 14, "num_statements": 14, "percent_covered": 100.0, "percent_covered_display": "100", "missing_lines": 0, "excluded_lines": 0, "num_branches": 0, "num_partial_branches": 0, "covered_branches": 0, "missing_branches": 0}, "missing_lines": [], "excluded_lines": [], "executed_branches": [], "missing_branches": []}}, "classes": {"BaseChecker": {"executed_lines": [29, 30, 31, 32, 55, 77, 78], "summary": {"covered_lines": 7, "num_statements": 7, "percent_covered": 100.0, "percent_covered_display": "100", "missing_lines": 0, "excluded_lines": 0, "num_branches": 0, "num_partial_branches": 0, "covered_branches": 0, "missing_branches": 0}, "missing_lines": [], "excluded_lines": [], "executed_branches": [], "missing_branches": []}, "": {"executed_lines": [1, 3, 4, 5, 6, 8, 11, 16, 17, 22, 34, 68, 81, 90, 92, 93, 96, 97, 101, 102, 107, 116, 117, 118, 119, 120, 123, 132, 133, 134, 135, 137, 138, 139, 142, 146], "summary": {"covered_lines": 34, "num_statements": 39, "percent_covered": 86.79245283018868, "percent_covered_display": "87", "missing_lines": 5, "excluded_lines": 0, "num_branches": 14, "num_partial_branches": 2, "covered_branches": 12, "missing_branches": 2}, "missing_lines": [94, 103, 104, 140, 141], "excluded_lines": [], "executed_branches": [[93, 96], [117, 118], [117, 120], [118, 117], [118, 119], [133, 134], [133, 142], [134, 135], [134, 139], [135, 133], [135, 137], [139, 133]], "missing_branches": [[93, 94], [139, 140]]}}}, "src/jn/checker/report.py": {"executed_lines": [1, 3, 4, 5, 7, 10, 20, 21, 22, 23, 24, 25, 27, 28, 29, 31, 32, 33, 34, 35, 37, 42, 45, 48, 52, 53, 54, 56, 57, 60, 61, 62, 63, 64, 65, 66, 67, 68, 69, 70, 73, 74, 75, 76, 77, 78, 79, 82, 90, 91, 92, 93, 94, 95, 96, 97, 98, 99, 100, 103, 105, 107, 108, 110, 112, 115, 164, 173, 174, 175, 176, 178, 180, 181, 182, 184, 186, 187, 189], "summary": {"covered_lines": 78, "num_statements": 98, "percent_covered": 75.0, "percent_covered_display": "75", "missing_lines": 20, "excluded_lines": 0, "num_branches": 38, "num_partial_branches": 10, "covered_branches": 24, "missing_branches": 14}, "missing_lines": [38, 39, 83, 84, 85, 86, 87, 104, 124, 125, 126, 127, 128, 130, 142, 143, 159, 161, 183, 185], "excluded_lines": [], "executed_branches": [[27, 28], [27, 90], [37, 42], [56, 57], [56, 60], [60, 61], [60, 73], [63, 64], [63, 65], [66, 67], [68, 69], [73, 74], [73, 82], [77, 78], [82, 27], [97, 98], [97, 99], [103, 105], [107, 108], [107, 110], [180, 181], [182, 184], [184, 186], [186, 187]], "missing_branches": [[37, 38], [66, 68], [68, 70], [77, 79], [82, 83], [83, 27], [83, 84], [103, 104], [142, 143], [142, 161], [180, 182], [182, 183], [184, 185], [186, 189]], "functions": {"format_text": {"executed_lines": [20, 21, 22, 23, 24, 25, 27, 28, 29, 31, 32, 33, 34, 35, 37, 42, 45, 48, 52, 53, 54, 56, 57, 60, 61, 62, 63, 64, 65, 66, 67, 68, 69, 70, 73, 74, 75, 76, 77, 78, 79, 82, 90, 91, 92, 93, 94, 95, 96, 97, 98, 99, 100, 103, 105, 107, 108, 110, 112], "summary": {"covered_lines": 59, "num_statements": 67, "percent_covered": 83.15789473684211, "percent_covered_display": "83", "missing_lines": 8, "excluded_lines": 0, "num_branches": 28, "num_partial_branches": 6, "covered_branches": 20, "missing_branches": 8}, "missing_lines": [38, 39, 83, 84, 85, 86, 87, 104], "excluded_lines": [], "executed_branches": [[27, 28], [27, 90], [37, 42], [56, 57], [56, 60], [60, 61], [60, 73], [63, 64], [63, 65], [66, 67], [68, 69], [73, 74], [73, 82], [77, 78], [82, 27], [97, 98], [97, 99], [103, 105], [107, 108], [107, 110]], "missing_branches": [[37, 38], [66, 68], [68, 70], [77, 79], [82, 83], [83, 27], [83, 84], [103, 104]]}, "format_json": {"executed_lines": [], "summary": {"covered_lines": 0, "num_statements": 10, "percent_covered": 0.0, "percent_covered_display": "0", "missing_lines": 10, "excluded_lines": 0, "num_branches": 2, "num_partial_branches": 0, "covered_branches": 0, "missing_branches": 2}, "missing_lines": [124, 125, 126, 127, 128, 130, 142, 143, 159, 161], "excluded_lines": [], "executed_branches": [], "missing_branches": [[142, 143], [142, 161]]}, "format_summary": {"executed_lines": [173, 174, 175, 176, 178, 180, 181, 182, 184, 186, 187, 189], "summary": {"covered_lines": 12, "num_statements": 14, "percent_covered": 72.72727272727273, "percent_covered_display": "73", "missing_lines": 2, "excluded_lines": 0, "num_branches": 8, "num_partial_branches": 4, "covered_branches": 4, "missing_branches": 4}, "missing_lines": [183, 185], "excluded_lines": [], "executed_branches": [[180, 181], [182, 184], [184, 186], [186, 187]], "missing_branches": [[180, 182], [182, 183], [184, 185], [186, 189]]}, "": {"executed_lines": [1, 3, 4, 5, 7, 10, 115, 164], "summary": {"covered_lines": 7, "num_statements": 7, "percent_covered": 100.0, "percent_covered_display": "100", "missing_lines": 0, "excluded_lines": 0, "num_branches": 0, "num_partial_branches": 0, "covered_branches": 0, "missing_branches": 0}, "missing_lines": [], "excluded_lines": [], "executed_branches": [], "missing_branches": []}}, "classes": {"": {"executed_lines": [1, 3, 4, 5, 7, 10, 20, 21, 22, 23, 24, 25, 27, 28, 29, 31, 32, 33, 34, 35, 37, 42, 45, 48, 52, 53, 54, 56, 57, 60, 61, 62, 63, 64, 65, 66, 67, 68, 69, 70, 73, 74, 75, 76, 77, 78, 79, 82, 90, 91, 92, 93, 94, 95, 96, 97, 98, 99, 100, 103, 105, 107, 108, 110, 112, 115, 164, 173, 174, 175, 176, 178, 180, 181, 182, 184, 186, 187, 189], "summary": {"covered_lines": 78, "num_statements": 98, "percent_covered": 75.0, "percent_covered_display": "75", "missing_lines": 20, "excluded_lines": 0, "num_branches": 38, "num_partial_branches": 10, "covered_branches": 24, "missing_branches": 14}, "missing_lines": [38, 39, 83, 84, 85, 86, 87, 104, 124, 125, 126, 127, 128, 130, 142, 143, 159, 161, 183, 185], "excluded_lines": [], "executed_branches": [[27, 28], [27, 90], [37, 42], [56, 57], [56, 60], [60, 61], [60, 73], [63, 64], [63, 65], [66, 67], [68, 69], [73, 74], [73, 82], [77, 78], [82, 27], [97, 98], [97, 99], [103, 105], [107, 108], [107, 110], [180, 181], [182, 184], [184, 186], [186, 187]], "missing_branches": [[37, 38], [66, 68], [68, 70], [77, 79], [82, 83], [83, 27], [83, 84], [103, 104], [142, 143], [142, 161], [180, 182], [182, 183], [184, 185], [186, 189]]}}}, "src/jn/checker/rules/__init__.py": {"executed_lines": [1, 3, 4, 5, 7], "summary": {"covered_lines": 4, "num_statements": 4, "percent_covered": 100.0, "percent_covered_display": "100", "missing_lines": 0, "excluded_lines": 0, "num_branches": 0, "num_partial_branches": 0, "covered_branches": 0, "missing_branches": 0}, "missing_lines": [], "excluded_lines": [], "executed_branches": [], "missing_branches": [], "functions": {"": {"executed_lines": [1, 3, 4, 5, 7], "summary": {"covered_lines": 4, "num_statements": 4, "percent_covered": 100.0, "percent_covered_display": "100", "missing_lines": 0, "excluded_lines": 0, "num_branches": 0, "num_partial_branches": 0, "covered_branches": 0, "missing_branches": 0}, "missing_lines": [], "excluded_lines": [], "executed_branches": [], "missing_branches": []}}, "classes": {"": {"executed_lines": [1, 3, 4, 5, 7], "summary": {"covered_lines": 4, "num_statements": 4, "percent_covered": 100.0, "percent_covered_display": "100", "missing_lines": 0, "excluded_lines": 0, "num_branches": 0, "num_partial_branches": 0, "covered_branches": 0, "missing_branches": 0}, "missing_lines": [], "excluded_lines": [], "executed_branches": [], "missing_branches": []}}}, "src/jn/checker/rules/forbidden.py": {"executed_lines": [1, 3, 5, 6, 9, 10, 12, 13, 14, 15, 17, 19, 20, 22, 25, 33, 34, 40, 41, 42, 43, 45, 47, 49, 51, 52, 61, 63, 65, 77, 79, 82, 83, 92, 94, 96, 106, 108, 111, 112, 118, 119, 127, 129, 131, 132, 137, 138], "summary": {"covered_lines": 46, "num_statements": 49, "percent_covered": 89.85507246376811, "percent_covered_display": "90", "missing_lines": 3, "excluded_lines": 0, "num_branches": 20, "num_partial_branches": 4, "covered_branches": 16, "missing_branches": 4}, "missing_lines": [68, 97, 139], "excluded_lines": [], "executed_branches": [[40, 41], [40, 45], [49, 51], [49, 61], [51, 49], [51, 52], [65, 77], [82, 83], [82, 92], [96, 106], [111, 112], [111, 127], [118, 119], [131, 132], [131, 137], [137, 138]], "missing_branches": [[65, 68], [96, 97], [118, 127], [137, 139]], "functions": {"ForbiddenPatternsChecker.__init__": {"executed_lines": [13, 14, 15], "summary": {"covered_lines": 3, "num_statements": 3, "percent_covered": 100.0, "percent_covered_display": "100", "missing_lines": 0, "excluded_lines": 0, "num_branches": 0, "num_partial_branches": 0, "covered_branches": 0, "missing_branches": 0}, "missing_lines": [], "excluded_lines": [], "executed_branches": [], "missing_branches": []}, "ForbiddenPatternsChecker.visit_Module": {"executed_lines": [19, 20], "summary": {"covered_lines": 2, "num_statements": 2, "percent_covered": 100.0, "percent_covered_display": "100", "missing_lines": 0, "excluded_lines": 0, "num_branches": 0, "num_partial_branches": 0, "covered_branches": 0, "missing_branches": 0}, "missing_lines": [], "excluded_lines": [], "executed_branches": [], "missing_branches": []}, "ForbiddenPatternsChecker.visit_If": {"executed_lines": [25, 33, 34, 40, 41, 42, 43, 45], "summary": {"covered_lines": 8, "num_statements": 8, "percent_covered": 100.0, "percent_covered_display": "100", "missing_lines": 0, "excluded_lines": 0, "num_branches": 2, "num_partial_branches": 0, "covered_branches": 2, "missing_branches": 0}, "missing_lines": [], "excluded_lines": [], "executed_branches": [[40, 41], [40, 45]], "missing_branches": []}, "ForbiddenPatternsChecker.visit_Import": {"executed_lines": [49, 51, 52, 61], "summary": {"covered_lines": 4, "num_statements": 4, "percent_covered": 100.0, "percent_covered_display": "100", "missing_lines": 0, "excluded_lines": 0, "num_branches": 4, "num_partial_branches": 0, "covered_branches": 4, "missing_branches": 0}, "missing_lines": [], "excluded_lines": [], "executed_branches": [[49, 51], [49, 61], [51, 49], [51, 52]], "missing_branches": []}, "ForbiddenPatternsChecker.visit_ImportFrom": {"executed_lines": [65, 77], "summary": {"covered_lines": 2, "num_statements": 3, "percent_covered": 60.0, "percent_covered_display": "60", "missing_lines": 1, "excluded_lines": 0, "num_branches": 2, "num_partial_branches": 1, "covered_branches": 1, "missing_branches": 1}, "missing_lines": [68], "excluded_lines": [], "executed_branches": [[65, 77]], "missing_branches": [[65, 68]]}, "ForbiddenPatternsChecker.visit_Call": {"executed_lines": [82, 83, 92], "summary": {"covered_lines": 3, "num_statements": 3, "percent_covered": 100.0, "percent_covered_display": "100", "missing_lines": 0, "excluded_lines": 0, "num_branches": 2, "num_partial_branches": 0, "covered_branches": 2, "missing_branches": 0}, "missing_lines": [], "excluded_lines": [], "executed_branches": [[82, 83], [82, 92]], "missing_branches": []}, "ForbiddenPatternsChecker.visit_ExceptHandler": {"executed_lines": [96, 106], "summary": {"covered_lines": 2, "num_statements": 3, "percent_covered": 60.0, "percent_covered_display": "60", "missing_lines": 1, "excluded_lines": 0, "num_branches": 2, "num_partial_branches": 1, "covered_branches": 1, "missing_branches": 1}, "missing_lines": [97], "excluded_lines": [], "executed_branches": [[96, 106]], "missing_branches": [[96, 97]]}, "ForbiddenPatternsChecker.visit_FunctionDef": {"executed_lines": [111, 112, 118, 119, 127], "summary": {"covered_lines": 5, "num_statements": 5, "percent_covered": 88.88888888888889, "percent_covered_display": "89", "missing_lines": 0, "excluded_lines": 0, "num_branches": 4, "num_partial_branches": 1, "covered_branches": 3, "missing_branches": 1}, "missing_lines": [], "excluded_lines": [], "executed_branches": [[111, 112], [111, 127], [118, 119]], "missing_branches": [[118, 127]]}, "ForbiddenPatternsChecker._is_sys_exit": {"executed_lines": [131, 132, 137, 138], "summary": {"covered_lines": 4, "num_statements": 5, "percent_covered": 77.77777777777777, "percent_covered_display": "78", "missing_lines": 1, "excluded_lines": 0, "num_branches": 4, "num_partial_branches": 1, "covered_branches": 3, "missing_branches": 1}, "missing_lines": [139], "excluded_lines": [], "executed_branches": [[131, 132], [131, 137], [137, 138]], "missing_branches": [[137, 139]]}, "": {"executed_lines": [1, 3, 5, 6, 9, 10, 12, 17, 22, 47, 63, 79, 94, 108, 129], "summary": {"covered_lines": 13, "num_statements": 13, "percent_covered": 100.0, "percent_covered_display": "100", "missing_lines": 0, "excluded_lines": 0, "num_branches": 0, "num_partial_branches": 0, "covered_branches": 0, "missing_branches": 0}, "missing_lines": [], "excluded_lines": [], "executed_branches": [], "missing_branches": []}}, "classes": {"ForbiddenPatternsChecker": {"executed_lines": [13, 14, 15, 19, 20, 25, 33, 34, 40, 41, 42, 43, 45, 49, 51, 52, 61, 65, 77, 82, 83, 92, 96, 106, 111, 112, 118, 119, 127, 131, 132, 137, 138], "summary": {"covered_lines": 33, "num_statements": 36, "percent_covered": 87.5, "percent_covered_display": "88", "missing_lines": 3, "excluded_lines": 0, "num_branches": 20, "num_partial_branches": 4, "covered_branches": 16, "missing_branches": 4}, "missing_lines": [68, 97, 139], "excluded_lines": [], "executed_branches": [[40, 41], [40, 45], [49, 51], [49, 61], [51, 49], [51, 52], [65, 77], [82, 83], [82, 92], [96, 106], [111, 112], [111, 127], [118, 119], [131, 132], [131, 137], [137, 138]], "missing_branches": [[65, 68], [96, 97], [118, 127], [137, 139]]}, "": {"executed_lines": [1, 3, 5, 6, 9, 10, 12, 17, 22, 47, 63, 79, 94, 108, 129], "summary": {"covered_lines": 13, "num_statements": 13, "percent_covered": 100.0, "percent_covered_display": "100", "missing_lines": 0, "excluded_lines": 0, "num_branches": 0, "num_partial_branches": 0, "covered_branches": 0, "missing_branches": 0}, "missing_lines": [], "excluded_lines": [], "executed_branches": [], "missing_branches": []}}}, "src/jn/checker/rules/structure.py": {"executed_lines": [1, 3, 5, 11, 14, 15, 17, 25, 26, 28, 30, 33, 34, 37, 46, 47, 58, 59, 71, 79, 89, 90, 98, 107, 110, 111, 113, 114, 118, 129, 130, 151, 154, 155, 157, 158, 159, 160, 161, 162, 170, 171, 184, 187, 194, 195, 203, 205, 208, 211, 212, 214], "summary": {"covered_lines": 50, "num_statements": 73, "percent_covered": 64.1025641025641, "percent_covered_display": "64", "missing_lines": 23, "excluded_lines": 0, "num_branches": 44, "num_partial_branches": 11, "covered_branches": 25, "missing_branches": 19}, "missing_lines": [38, 44, 48, 60, 68, 72, 80, 91, 99, 115, 132, 135, 138, 139, 142, 144, 145, 146, 148, 172, 173, 174, 182], "excluded_lines": [], "executed_branches": [[33, 34], [33, 37], [37, 46], [47, 58], [59, 71], [71, 79], [79, 89], [90, 98], [98, -28], [110, 111], [110, 113], [114, 118], [130, 151], [155, -107], [155, 157], [157, -107], [157, 158], [158, 159], [158, 171], [159, 157], [159, 160], [161, 162], [171, 157], [194, 195], [194, 203]], "missing_branches": [[37, 38], [47, 48], [59, 60], [71, 72], [79, 80], [90, 91], [98, 99], [114, 115], [130, 132], [138, 139], [138, 142], [142, 130], [142, 144], [145, 146], [145, 148], [161, 159], [171, 172], [173, 157], [173, 174]], "functions": {"StructureChecker.__init__": {"executed_lines": [25, 26], "summary": {"covered_lines": 2, "num_statements": 2, "percent_covered": 100.0, "percent_covered_display": "100", "missing_lines": 0, "excluded_lines": 0, "num_branches": 0, "num_partial_branches": 0, "covered_branches": 0, "missing_branches": 0}, "missing_lines": [], "excluded_lines": [], "executed_branches": [], "missing_branches": []}, "StructureChecker.check_file": {"executed_lines": [30, 33, 34, 37, 46, 47, 58, 59, 71, 79, 89, 90, 98], "summary": {"covered_lines": 13, "num_statements": 22, "percent_covered": 57.89473684210526, "percent_covered_display": "58", "missing_lines": 9, "excluded_lines": 0, "num_branches": 16, "num_partial_branches": 7, "covered_branches": 9, "missing_branches": 7}, "missing_lines": [38, 44, 48, 60, 68, 72, 80, 91, 99], "excluded_lines": [], "executed_branches": [[33, 34], [33, 37], [37, 46], [47, 58], [59, 71], [71, 79], [79, 89], [90, 98], [98, -28]], "missing_branches": [[37, 38], [47, 48], [59, 60], [71, 72], [79, 80], [90, 91], [98, 99]]}, "StructureChecker.check_dependencies": {"executed_lines": [110, 111, 113, 114, 118, 129, 130, 151, 154, 155, 157, 158, 159, 160, 161, 162, 170, 171], "summary": {"covered_lines": 18, "num_statements": 32, "percent_covered": 55.172413793103445, "percent_covered_display": "55", "missing_lines": 14, "excluded_lines": 0, "num_branches": 26, "num_partial_branches": 4, "covered_branches": 14, "missing_branches": 12}, "missing_lines": [115, 132, 135, 138, 139, 142, 144, 145, 146, 148, 172, 173, 174, 182], "excluded_lines": [], "executed_branches": [[110, 111], [110, 113], [114, 118], [130, 151], [155, -107], [155, 157], [157, -107], [157, 158], [158, 159], [158, 171], [159, 157], [159, 160], [161, 162], [171, 157]], "missing_branches": [[114, 115], [130, 132], [138, 139], [138, 142], [142, 130], [142, 144], [145, 146], [145, 148], [161, 159], [171, 172], [173, 157], [173, 174]]}, "StructureChecker.visit_Module": {"executed_lines": [187, 194, 195, 203], "summary": {"covered_lines": 4, "num_statements": 4, "percent_covered": 100.0, "percent_covered_display": "100", "missing_lines": 0, "excluded_lines": 0, "num_branches": 2, "num_partial_branches": 0, "covered_branches": 2, "missing_branches": 0}, "missing_lines": [], "excluded_lines": [], "executed_branches": [[194, 195], [194, 203]], "missing_branches": []}, "StructureChecker.check": {"executed_lines": [208, 211, 212, 214], "summary": {"covered_lines": 4, "num_statements": 4, "percent_covered": 100.0, "percent_covered_display": "100", "missing_lines": 0, "excluded_lines": 0, "num_branches": 0, "num_partial_branches": 0, "covered_branches": 0, "missing_branches": 0}, "missing_lines": [], "excluded_lines": [], "executed_branches": [], "missing_branches": []}, "": {"executed_lines": [1, 3, 5, 11, 14, 15, 17, 28, 107, 184, 205], "summary": {"covered_lines": 9, "num_statements": 9, "percent_covered": 100.0, "percent_covered_display": "100", "missing_lines": 0, "excluded_lines": 0, "num_branches": 0, "num_partial_branches": 0, "covered_branches": 0, "missing_branches": 0}, "missing_lines": [], "excluded_lines": [], "executed_branches": [], "missing_branches": []}}, "classes": {"StructureChecker": {"executed_lines": [25, 26, 30, 33, 34, 37, 46, 47, 58, 59, 71, 79, 89, 90, 98, 110, 111, 113, 114, 118, 129, 130, 151, 154, 155, 157, 158, 159, 160, 161, 162, 170, 171, 187, 194, 195, 203, 208, 211, 212, 214], "summary": {"covered_lines": 41, "num_statements": 64, "percent_covered": 61.111111111111114, "percent_covered_display": "61", "missing_lines": 23, "excluded_lines": 0, "num_branches": 44, "num_partial_branches": 11, "covered_branches": 25, "missing_branches": 19}, "missing_lines": [38, 44, 48, 60, 68, 72, 80, 91, 99, 115, 132, 135, 138, 139, 142, 144, 145, 146, 148, 172, 173, 174, 182], "excluded_lines": [], "executed_branches": [[33, 34], [33, 37], [37, 46], [47, 58], [59, 71], [71, 79], [79, 89], [90, 98], [98, -28], [110, 111], [110, 113], [114, 118], [130, 151], [155, -107], [155, 157], [157, -107], [157, 158], [158, 159], [158, 171], [159, 157], [159, 160], [161, 162], [171, 157], [194, 195], [194, 203]], "missing_branches": [[37, 38], [47, 48], [59, 60], [71, 72], [79, 80], [90, 91], [98, 99], [114, 115], [130, 132], [138, 139], [138, 142], [142, 130], [142, 144], [145, 146], [145, 148], [161, 159], [171, 172], [173, 157], [173, 174]]}, "": {"executed_lines": [1, 3, 5, 11, 14, 15, 17, 28, 107, 184, 205], "summary": {"covered_lines": 9, "num_statements": 9, "percent_covered": 100.0, "percent_covered_display": "100", "missing_lines": 0, "excluded_lines": 0, "num_branches": 0, "num_partial_branches": 0, "covered_branches": 0, "missing_branches": 0}, "missing_lines": [], "excluded_lines": [], "executed_branches": [], "missing_branches": []}}}, "src/jn/checker/rules/subprocess_rules.py": {"executed_lines": [1, 3, 5, 6, 9, 10, 12, 13, 14, 15, 17, 19, 20, 31, 33, 37, 38, 39, 44, 55, 67, 68, 79, 80, 86, 98, 100, 103, 110, 111, 115, 120, 121, 122, 125, 135, 137, 139, 143, 144, 145, 146, 153, 155, 157, 159, 171, 172, 181, 183, 184, 185, 189, 191, 198, 200, 207, 209, 210, 217, 220, 222, 223, 224, 225, 226, 227, 229, 230, 231, 233, 240, 241, 242, 243, 244, 245, 249, 256, 257, 259, 261, 262, 264, 267, 268, 276, 278, 285, 287, 291], "summary": {"covered_lines": 89, "num_statements": 103, "percent_covered": 83.23699421965318, "percent_covered_display": "83", "missing_lines": 14, "excluded_lines": 0, "num_branches": 70, "num_partial_branches": 11, "covered_branches": 55, "missing_branches": 15}, "missing_lines": [21, 22, 56, 87, 112, 126, 160, 218, 265, 293, 294, 299, 300, 301], "excluded_lines": [], "executed_branches": [[19, 20], [19, 31], [20, 19], [37, 38], [37, 55], [38, 39], [38, 55], [39, 38], [39, 44], [55, 67], [67, 68], [67, 79], [79, 80], [79, 98], [86, 98], [98, 100], [98, 103], [103, 110], [103, 115], [111, 115], [115, 120], [115, 125], [121, 122], [121, 125], [125, 135], [139, 143], [139, 153], [143, 144], [143, 153], [144, 145], [157, -155], [157, 159], [159, 171], [171, 172], [209, 210], [210, 217], [222, 223], [222, 224], [224, 225], [224, 226], [226, 227], [226, 229], [229, 230], [229, 231], [240, 241], [240, 242], [242, 243], [242, 244], [244, 245], [244, 249], [249, 256], [249, 257], [261, 262], [261, 264], [264, 267]], "missing_branches": [[20, 21], [55, 56], [86, 87], [111, 112], [125, 126], [144, 143], [159, 160], [171, 157], [209, 218], [210, 209], [264, 265], [293, 294], [293, 299], [299, 300], [299, 301]], "functions": {"SubprocessChecker.__init__": {"executed_lines": [13, 14, 15], "summary": {"covered_lines": 3, "num_statements": 3, "percent_covered": 100.0, "percent_covered_display": "100", "missing_lines": 0, "excluded_lines": 0, "num_branches": 0, "num_partial_branches": 0, "covered_branches": 0, "missing_branches": 0}, "missing_lines": [], "excluded_lines": [], "executed_branches": [], "missing_branches": []}, "SubprocessChecker.visit_Import": {"executed_lines": [19, 20, 31], "summary": {"covered_lines": 3, "num_statements": 5, "percent_covered": 66.66666666666667, "percent_covered_display": "67", "missing_lines": 2, "excluded_lines": 0, "num_branches": 4, "num_partial_branches": 1, "covered_branches": 3, "missing_branches": 1}, "missing_lines": [21, 22], "excluded_lines": [], "executed_branches": [[19, 20], [19, 31], [20, 19]], "missing_branches": [[20, 21]]}, "SubprocessChecker.visit_Call": {"executed_lines": [37, 38, 39, 44, 55, 67, 68, 79, 80, 86, 98, 100, 103, 110, 111, 115, 120, 121, 122, 125, 135], "summary": {"covered_lines": 21, "num_statements": 25, "percent_covered": 84.31372549019608, "percent_covered_display": "84", "missing_lines": 4, "excluded_lines": 0, "num_branches": 26, "num_partial_branches": 4, "covered_branches": 22, "missing_branches": 4}, "missing_lines": [56, 87, 112, 126], "excluded_lines": [], "executed_branches": [[37, 38], [37, 55], [38, 39], [38, 55], [39, 38], [39, 44], [55, 67], [67, 68], [67, 79], [79, 80], [79, 98], [86, 98], [98, 100], [98, 103], [103, 110], [103, 115], [111, 115], [115, 120], [115, 125], [121, 122], [121, 125], [125, 135]], "missing_branches": [[55, 56], [86, 87], [111, 112], [125, 126]]}, "SubprocessChecker.visit_Assign": {"executed_lines": [139, 143, 144, 145, 146, 153], "summary": {"covered_lines": 6, "num_statements": 6, "percent_covered": 91.66666666666667, "percent_covered_display": "92", "missing_lines": 0, "excluded_lines": 0, "num_branches": 6, "num_partial_branches": 1, "covered_branches": 5, "missing_branches": 1}, "missing_lines": [], "excluded_lines": [], "executed_branches": [[139, 143], [139, 153], [143, 144], [143, 153], [144, 145]], "missing_branches": [[144, 143]]}, "SubprocessChecker.check_popen_lifecycle": {"executed_lines": [157, 159, 171, 172], "summary": {"covered_lines": 4, "num_statements": 5, "percent_covered": 72.72727272727273, "percent_covered_display": "73", "missing_lines": 1, "excluded_lines": 0, "num_branches": 6, "num_partial_branches": 2, "covered_branches": 4, "missing_branches": 2}, "missing_lines": [160], "excluded_lines": [], "executed_branches": [[157, -155], [157, 159], [159, 171], [171, 172]], "missing_branches": [[159, 160], [171, 157]]}, "SubprocessChecker.check": {"executed_lines": [183, 184, 185], "summary": {"covered_lines": 3, "num_statements": 3, "percent_covered": 100.0, "percent_covered_display": "100", "missing_lines": 0, "excluded_lines": 0, "num_branches": 0, "num_partial_branches": 0, "covered_branches": 0, "missing_branches": 0}, "missing_lines": [], "excluded_lines": [], "executed_branches": [], "missing_branches": []}, "SubprocessChecker._is_subprocess_run": {"executed_lines": [191], "summary": {"covered_lines": 1, "num_statements": 1, "percent_covered": 100.0, "percent_covered_display": "100", "missing_lines": 0, "excluded_lines": 0, "num_branches": 0, "num_partial_branches": 0, "covered_branches": 0, "missing_branches": 0}, "missing_lines": [], "excluded_lines": [], "executed_branches": [], "missing_branches": []}, "SubprocessChecker._is_subprocess_popen": {"executed_lines": [200], "summary": {"covered_lines": 1, "num_statements": 1, "percent_covered": 100.0, "percent_covered_display": "100", "missing_lines": 0, "excluded_lines": 0, "num_branches": 0, "num_partial_branches": 0, "covered_branches": 0, "missing_branches": 0}, "missing_lines": [], "excluded_lines": [], "executed_branches": [], "missing_branches": []}, "SubprocessChecker._has_stdout_pipe": {"executed_lines": [209, 210, 217], "summary": {"covered_lines": 3, "num_statements": 4, "percent_covered": 62.5, "percent_covered_display": "62", "missing_lines": 1, "excluded_lines": 0, "num_branches": 4, "num_partial_branches": 2, "covered_branches": 2, "missing_branches": 2}, "missing_lines": [218], "excluded_lines": [], "executed_branches": [[209, 210], [210, 217]], "missing_branches": [[209, 218], [210, 209]]}, "SubprocessChecker._is_stdout_read_all": {"executed_lines": [222, 223, 224, 225, 226, 227, 229, 230, 231], "summary": {"covered_lines": 9, "num_statements": 9, "percent_covered": 100.0, "percent_covered_display": "100", "missing_lines": 0, "excluded_lines": 0, "num_branches": 8, "num_partial_branches": 0, "covered_branches": 8, "missing_branches": 0}, "missing_lines": [], "excluded_lines": [], "executed_branches": [[222, 223], [222, 224], [224, 225], [224, 226], [226, 227], [226, 229], [229, 230], [229, 231]], "missing_branches": []}, "SubprocessChecker._is_stdin_buffer_read_all": {"executed_lines": [240, 241, 242, 243, 244, 245, 249, 256, 257], "summary": {"covered_lines": 9, "num_statements": 9, "percent_covered": 100.0, "percent_covered_display": "100", "missing_lines": 0, "excluded_lines": 0, "num_branches": 8, "num_partial_branches": 0, "covered_branches": 8, "missing_branches": 0}, "missing_lines": [], "excluded_lines": [], "executed_branches": [[240, 241], [240, 242], [242, 243], [242, 244], [244, 245], [244, 249], [249, 256], [249, 257]], "missing_branches": []}, "SubprocessChecker._is_print_json_dumps": {"executed_lines": [261, 262, 264, 267, 268], "summary": {"covered_lines": 5, "num_statements": 6, "percent_covered": 80.0, "percent_covered_display": "80", "missing_lines": 1, "excluded_lines": 0, "num_branches": 4, "num_partial_branches": 1, "covered_branches": 3, "missing_branches": 1}, "missing_lines": [265], "excluded_lines": [], "executed_branches": [[261, 262], [261, 264], [264, 267]], "missing_branches": [[264, 265]]}, "SubprocessChecker._is_stdout_close": {"executed_lines": [278], "summary": {"covered_lines": 1, "num_statements": 1, "percent_covered": 100.0, "percent_covered_display": "100", "missing_lines": 0, "excluded_lines": 0, "num_branches": 0, "num_partial_branches": 0, "covered_branches": 0, "missing_branches": 0}, "missing_lines": [], "excluded_lines": [], "executed_branches": [], "missing_branches": []}, "SubprocessChecker._is_wait_call": {"executed_lines": [287], "summary": {"covered_lines": 1, "num_statements": 1, "percent_covered": 100.0, "percent_covered_display": "100", "missing_lines": 0, "excluded_lines": 0, "num_branches": 0, "num_partial_branches": 0, "covered_branches": 0, "missing_branches": 0}, "missing_lines": [], "excluded_lines": [], "executed_branches": [], "missing_branches": []}, "SubprocessChecker._is_thread_create": {"executed_lines": [], "summary": {"covered_lines": 0, "num_statements": 5, "percent_covered": 0.0, "percent_covered_display": "0", "missing_lines": 5, "excluded_lines": 0, "num_branches": 4, "num_partial_branches": 0, "covered_branches": 0, "missing_branches": 4}, "missing_lines": [293, 294, 299, 300, 301], "excluded_lines": [], "executed_branches": [], "missing_branches": [[293, 294], [293, 299], [299, 300], [299, 301]]}, "": {"executed_lines": [1, 3, 5, 6, 9, 10, 12, 17, 33, 137, 155, 181, 189, 198, 207, 220, 233, 259, 276, 285, 291], "summary": {"covered_lines": 19, "num_statements": 19, "percent_covered": 100.0, "percent_covered_display": "100", "missing_lines": 0, "excluded_lines": 0, "num_branches": 0, "num_partial_branches": 0, "covered_branches": 0, "missing_branches": 0}, "missing_lines": [], "excluded_lines": [], "executed_branches": [], "missing_branches": []}}, "classes": {"SubprocessChecker": {"executed_lines": [13, 14, 15, 19, 20, 31, 37, 38, 39, 44, 55, 67, 68, 79, 80, 86, 98, 100, 103, 110, 111, 115, 120, 121, 122, 125, 135, 139, 143, 144, 145, 146, 153, 157, 159, 171, 172, 183, 184, 185, 191, 200, 209, 210, 217, 222, 223, 224, 225, 226, 227, 229, 230, 231, 240, 241, 242, 243, 244, 245, 249, 256, 257, 261, 262, 264, 267, 268, 278, 287], "summary": {"covered_lines": 70, "num_statements": 84, "percent_covered": 81.16883116883118, "percent_covered_display": "81", "missing_lines": 14, "excluded_lines": 0, "num_branches": 70, "num_partial_branches": 11, "covered_branches": 55, "missing_branches": 15}, "missing_lines": [21, 22, 56, 87, 112, 126, 160, 218, 265, 293, 294, 299, 300, 301], "excluded_lines": [], "executed_branches": [[19, 20], [19, 31], [20, 19], [37, 38], [37, 55], [38, 39], [38, 55], [39, 38], [39, 44], [55, 67], [67, 68], [67, 79], [79, 80], [79, 98], [86, 98], [98, 100], [98, 103], [103, 110], [103, 115], [111, 115], [115, 120], [115, 125], [121, 122], [121, 125], [125, 135], [139, 143], [139, 153], [143, 144], [143, 153], [144, 145], [157, -155], [157, 159], [159, 171], [171, 172], [209, 210], [210, 217], [222, 223], [222, 224], [224, 225], [224, 226], [226, 227], [226, 229], [229, 230], [229, 231], [240, 241], [240, 242], [242, 243], [242, 244], [244, 245], [244, 249], [249, 256], [249, 257], [261, 262], [261, 264], [264, 267]], "missing_branches": [[20, 21], [55, 56], [86, 87], [111, 112], [125, 126], [144, 143], [159, 160], [171, 157], [209, 218], [210, 209], [264, 265], [293, 294], [293, 299], [299, 300], [299, 301]]}, "": {"executed_lines": [1, 3, 5, 6, 9, 10, 12, 17, 33, 137, 155, 181, 189, 198, 207, 220, 233, 259, 276, 285, 291], "summary": {"covered_lines": 19, "num_statements": 19, "percent_covered": 100.0, "percent_covered_display": "100", "missing_lines": 0, "excluded_lines": 0, "num_branches": 0, "num_partial_branches": 0, "covered_branches": 0, "missing_branches": 0}, "missing_lines": [], "excluded_lines": [], "executed_branches": [], "missing_branches": []}}}, "src/jn/checker/scanner.py": {"executed_lines": [1, 3, 4, 7, 34, 43, 46, 47, 49, 51, 54, 56, 59, 73, 74, 77, 78, 79, 82], "summary": {"covered_lines": 18, "num_statements": 38, "percent_covered": 42.42424242424242, "percent_covered_display": "42", "missing_lines": 20, "excluded_lines": 0, "num_branches": 28, "num_partial_branches": 6, "covered_branches": 10, "missing_branches": 18}, "missing_lines": [16, 17, 19, 20, 22, 23, 24, 25, 26, 27, 29, 31, 44, 50, 52, 75, 83, 86, 87, 89], "excluded_lines": [], "executed_branches": [[43, 46], [47, 49], [47, 56], [49, 51], [51, 54], [73, 74], [74, 77], [78, 79], [78, 82], [82, 73]], "missing_branches": [[16, 17], [16, 19], [20, 22], [20, 31], [22, 23], [22, 24], [24, 25], [24, 26], [26, 27], [26, 29], [43, 44], [49, 50], [51, 52], [73, 86], [74, 75], [82, 83], [86, 87], [86, 89]], "functions": {"find_plugin_files": {"executed_lines": [], "summary": {"covered_lines": 0, "num_statements": 12, "percent_covered": 0.0, "percent_covered_display": "0", "missing_lines": 12, "excluded_lines": 0, "num_branches": 10, "num_partial_branches": 0, "covered_branches": 0, "missing_branches": 10}, "missing_lines": [16, 17, 19, 20, 22, 23, 24, 25, 26, 27, 29, 31], "excluded_lines": [], "executed_branches": [], "missing_branches": [[16, 17], [16, 19], [20, 22], [20, 31], [22, 23], [22, 24], [24, 25], [24, 26], [26, 27], [26, 29]]}, "find_core_files": {"executed_lines": [43, 46, 47, 49, 51, 54, 56], "summary": {"covered_lines": 7, "num_statements": 10, "percent_covered": 66.66666666666667, "percent_covered_display": "67", "missing_lines": 3, "excluded_lines": 0, "num_branches": 8, "num_partial_branches": 3, "covered_branches": 5, "missing_branches": 3}, "missing_lines": [44, 50, 52], "excluded_lines": [], "executed_branches": [[43, 46], [47, 49], [47, 56], [49, 51], [51, 54]], "missing_branches": [[43, 44], [49, 50], [51, 52]]}, "find_single_plugin": {"executed_lines": [73, 74, 77, 78, 79, 82], "summary": {"covered_lines": 6, "num_statements": 11, "percent_covered": 52.38095238095238, "percent_covered_display": "52", "missing_lines": 5, "excluded_lines": 0, "num_branches": 10, "num_partial_branches": 3, "covered_branches": 5, "missing_branches": 5}, "missing_lines": [75, 83, 86, 87, 89], "excluded_lines": [], "executed_branches": [[73, 74], [74, 77], [78, 79], [78, 82], [82, 73]], "missing_branches": [[73, 86], [74, 75], [82, 83], [86, 87], [86, 89]]}, "": {"executed_lines": [1, 3, 4, 7, 34, 59], "summary": {"covered_lines": 5, "num_statements": 5, "percent_covered": 100.0, "percent_covered_display": "100", "missing_lines": 0, "excluded_lines": 0, "num_branches": 0, "num_partial_branches": 0, "covered_branches": 0, "missing_branches": 0}, "missing_lines": [], "excluded_lines": [], "executed_branches": [], "missing_branches": []}}, "classes": {"": {"executed_lines": [1, 3, 4, 7, 34, 43, 46, 47, 49, 51, 54, 56, 59, 73, 74, 77, 78, 79, 82], "summary": {"covered_lines": 18, "num_statements": 38, "percent_covered": 42.42424242424242, "percent_covered_display": "42", "missing_lines": 20, "excluded_lines": 0, "num_branches": 28, "num_partial_branches": 6, "covered_branches": 10, "missing_branches": 18}, "missing_lines": [16, 17, 19, 20, 22, 23, 24, 25, 26, 27, 29, 31, 44, 50, 52, 75, 83, 86, 87, 89], "excluded_lines": [], "executed_branches": [[43, 46], [47, 49], [47, 56], [49, 51], [51, 54], [73, 74], [74, 77], [78, 79], [78, 82], [82, 73]], "missing_branches": [[16, 17], [16, 19], [20, 22], [20, 31], [22, 23], [22, 24], [24, 25], [24, 26], [26, 27], [26, 29], [43, 44], [49, 50], [51, 52], [73, 86], [74, 75], [82, 83], [86, 87], [86, 89]]}}}, "src/jn/checker/violation.py": {"executed_lines": [1, 3, 4, 5, 8, 9, 11, 12, 13, 16, 17, 18, 20, 21, 22, 23, 24, 25, 26, 27, 31, 39, 40, 41, 43, 44, 45, 47, 48, 50, 52, 53, 55, 57, 58, 60, 64, 65], "summary": {"covered_lines": 34, "num_statements": 39, "percent_covered": 82.92682926829268, "percent_covered_display": "83", "missing_lines": 5, "excluded_lines": 0, "num_branches": 2, "num_partial_branches": 0, "covered_branches": 0, "missing_branches": 2}, "missing_lines": [33, 34, 35, 36, 67], "excluded_lines": [], "executed_branches": [], "missing_branches": [[34, 35], [34, 36]], "functions": {"Violation.__str__": {"executed_lines": [], "summary": {"covered_lines": 0, "num_statements": 4, "percent_covered": 0.0, "percent_covered_display": "0", "missing_lines": 4, "excluded_lines": 0, "num_branches": 2, "num_partial_branches": 0, "covered_branches": 0, "missing_branches": 2}, "missing_lines": [33, 34, 35, 36], "excluded_lines": [], "executed_branches": [], "missing_branches": [[34, 35], [34, 36]]}, "CheckResult.passed": {"executed_lines": [50], "summary": {"covered_lines": 1, "num_statements": 1, "percent_covered": 100.0, "percent_covered_display": "100", "missing_lines": 0, "excluded_lines": 0, "num_branches": 0, "num_partial_branches": 0, "covered_branches": 0, "missing_branches": 0}, "missing_lines": [], "excluded_lines": [], "executed_branches": [], "missing_branches": []}, "CheckResult.error_count": {"executed_lines": [55], "summary": {"covered_lines": 1, "num_statements": 1, "percent_covered": 100.0, "percent_covered_display": "100", "missing_lines": 0, "excluded_lines": 0, "num_branches": 0, "num_partial_branches": 0, "covered_branches": 0, "missing_branches": 0}, "missing_lines": [], "excluded_lines": [], "executed_branches": [], "missing_branches": []}, "CheckResult.warning_count": {"executed_lines": [60], "summary": {"covered_lines": 1, "num_statements": 1, "percent_covered": 100.0, "percent_covered_display": "100", "missing_lines": 0, "excluded_lines": 0, "num_branches": 0, "num_partial_branches": 0, "covered_branches": 0, "missing_branches": 0}, "missing_lines": [], "excluded_lines": [], "executed_branches": [], "missing_branches": []}, "CheckResult.info_count": {"executed_lines": [], "summary": {"covered_lines": 0, "num_statements": 1, "percent_covered": 0.0, "percent_covered_display": "0", "missing_lines": 1, "excluded_lines": 0, "num_branches": 0, "num_partial_branches": 0, "covered_branches": 0, "missing_branches": 0}, "missing_lines": [67], "excluded_lines": [], "executed_branches": [], "missing_branches": []}, "": {"executed_lines": [1, 3, 4, 5, 8, 9, 11, 12, 13, 16, 17, 18, 20, 21, 22, 23, 24, 25, 26, 27, 31, 39, 40, 41, 43, 44, 45, 47, 48, 52, 53, 57, 58, 64, 65], "summary": {"covered_lines": 31, "num_statements": 31, "percent_covered": 100.0, "percent_covered_display": "100", "missing_lines": 0, "excluded_lines": 0, "num_branches": 0, "num_partial_branches": 0, "covered_branches": 0, "missing_branches": 0}, "missing_lines": [], "excluded_lines": [], "executed_branches": [], "missing_branches": []}}, "classes": {"Severity": {"executed_lines": [], "summary": {"covered_lines": 0, "num_statements": 0, "percent_covered": 100.0, "percent_covered_display": "100", "missing_lines": 0, "excluded_lines": 0, "num_branches": 0, "num_partial_branches": 0, "covered_branches": 0, "missing_branches": 0}, "missing_lines": [], "excluded_lines": [], "executed_branches": [], "missing_branches": []}, "Violation": {"executed_lines": [], "summary": {"covered_lines": 0, "num_statements": 4, "percent_covered": 0.0, "percent_covered_display": "0", "missing_lines": 4, "excluded_lines": 0, "num_branches": 2, "num_partial_branches": 0, "covered_branches": 0, "missing_branches": 2}, "missing_lines": [33, 34, 35, 36], "excluded_lines": [], "executed_branches": [], "missing_branches": [[34, 35], [34, 36]]}, "CheckResult": {"executed_lines": [50, 55, 60], "summary": {"covered_lines": 3, "num_statements": 4, "percent_covered": 75.0, "percent_covered_display": "75", "missing_lines": 1, "excluded_lines": 0, "num_branches": 0, "num_partial_branches": 0, "covered_branches": 0, "missing_branches": 0}, "missing_lines": [67], "excluded_lines": [], "executed_branches": [], "missing_branches": []}, "": {"executed_lines": [1, 3, 4, 5, 8, 9, 11, 12, 13, 16, 17, 18, 20, 21, 22, 23, 24, 25, 26, 27, 31, 39, 40, 41, 43, 44, 45, 47, 48, 52, 53, 57, 58, 64, 65], "summary": {"covered_lines": 31, "num_statements": 31, "percent_covered": 100.0, "percent_covered_display": "100", "missing_lines": 0, "excluded_lines": 0, "num_branches": 0, "num_partial_branches": 0, "covered_branches": 0, "missing_branches": 0}, "missing_lines": [], "excluded_lines": [], "executed_branches": [], "missing_branches": []}}}, "src/jn/checker/whitelist.py": {"executed_lines": [1, 8, 9, 10, 11, 13, 14, 19, 20, 21, 23, 24, 25, 26, 29, 30, 32, 38, 39, 44, 45, 46, 47, 49, 51, 52, 53, 54, 55, 61, 78, 79, 80, 81, 93, 101, 102, 103, 105, 118, 120, 123, 124, 127, 129, 132, 134, 136, 148, 152, 153, 154, 157, 159, 160, 163, 164, 167, 168, 171, 173, 175, 187, 190, 191, 194, 195, 198, 203, 206, 209, 211, 214, 215, 218, 219, 222, 232, 242, 246], "summary": {"covered_lines": 77, "num_statements": 108, "percent_covered": 67.07317073170732, "percent_covered_display": "67", "missing_lines": 31, "excluded_lines": 0, "num_branches": 56, "num_partial_branches": 9, "covered_branches": 33, "missing_branches": 23}, "missing_lines": [15, 16, 56, 57, 58, 59, 89, 91, 199, 223, 224, 225, 226, 227, 228, 229, 234, 235, 236, 237, 238, 239, 259, 260, 261, 262, 263, 264, 265, 266, 268], "excluded_lines": [], "executed_branches": [[44, 45], [46, 47], [54, 55], [80, -61], [80, 81], [101, 102], [101, 103], [118, -105], [118, 120], [123, 118], [123, 124], [127, 129], [127, 132], [148, 152], [148, 157], [153, 154], [157, 159], [157, 173], [159, 160], [159, 163], [163, 164], [163, 167], [167, 168], [167, 171], [198, 203], [203, 206], [209, 211], [209, 232], [214, 215], [218, 219], [218, 222], [222, 209], [232, 242]], "missing_branches": [[44, 46], [46, -32], [54, 56], [56, 57], [56, 58], [153, 157], [198, 199], [203, 232], [214, 209], [222, 223], [228, 209], [228, 229], [232, 234], [238, 239], [238, 242], [259, 260], [259, 268], [260, 261], [260, 262], [262, 263], [262, 264], [264, 265], [264, 266]], "functions": {"Whitelist.__init__": {"executed_lines": [38, 39, 44, 45, 46, 47], "summary": {"covered_lines": 6, "num_statements": 6, "percent_covered": 80.0, "percent_covered_display": "80", "missing_lines": 0, "excluded_lines": 0, "num_branches": 4, "num_partial_branches": 2, "covered_branches": 2, "missing_branches": 2}, "missing_lines": [], "excluded_lines": [], "executed_branches": [[44, 45], [46, 47]], "missing_branches": [[44, 46], [46, -32]]}, "Whitelist._find_config": {"executed_lines": [51, 52, 53, 54, 55], "summary": {"covered_lines": 5, "num_statements": 9, "percent_covered": 46.15384615384615, "percent_covered_display": "46", "missing_lines": 4, "excluded_lines": 0, "num_branches": 4, "num_partial_branches": 1, "covered_branches": 1, "missing_branches": 3}, "missing_lines": [56, 57, 58, 59], "excluded_lines": [], "executed_branches": [[54, 55]], "missing_branches": [[54, 56], [56, 57], [56, 58]]}, "Whitelist._load_config": {"executed_lines": [78, 79, 80, 81], "summary": {"covered_lines": 4, "num_statements": 6, "percent_covered": 75.0, "percent_covered_display": "75", "missing_lines": 2, "excluded_lines": 0, "num_branches": 2, "num_partial_branches": 0, "covered_branches": 2, "missing_branches": 0}, "missing_lines": [89, 91], "excluded_lines": [], "executed_branches": [[80, -61], [80, 81]], "missing_branches": []}, "Whitelist.add_inline_ignore": {"executed_lines": [101, 102, 103], "summary": {"covered_lines": 3, "num_statements": 3, "percent_covered": 100.0, "percent_covered_display": "100", "missing_lines": 0, "excluded_lines": 0, "num_branches": 2, "num_partial_branches": 0, "covered_branches": 2, "missing_branches": 0}, "missing_lines": [], "excluded_lines": [], "executed_branches": [[101, 102], [101, 103]], "missing_branches": []}, "Whitelist.parse_inline_ignores": {"executed_lines": [118, 120, 123, 124, 127, 129, 132, 134], "summary": {"covered_lines": 8, "num_statements": 8, "percent_covered": 100.0, "percent_covered_display": "100", "missing_lines": 0, "excluded_lines": 0, "num_branches": 6, "num_partial_branches": 0, "covered_branches": 6, "missing_branches": 0}, "missing_lines": [], "excluded_lines": [], "executed_branches": [[118, -105], [118, 120], [123, 118], [123, 124], [127, 129], [127, 132]], "missing_branches": []}, "Whitelist.is_whitelisted": {"executed_lines": [148, 152, 153, 154, 157, 159, 160, 163, 164, 167, 168, 171, 173], "summary": {"covered_lines": 13, "num_statements": 13, "percent_covered": 96.0, "percent_covered_display": "96", "missing_lines": 0, "excluded_lines": 0,
[...]
246, 248, 255, 256], "excluded_lines": [], "executed_branches": [[204, 205], [204, 210], [213, 214], [213, 223], [240, 242], [240, 249], [243, 244], [249, 251], [249, 253], [253, 257], [257, 259], [257, 263]], "missing_branches": [[243, 245], [245, 246], [245, 248], [253, 255]]}, "": {"executed_lines": [1, 20, 21, 22, 23, 24, 27, 28, 30, 33, 66, 83, 95, 156, 183], "summary": {"covered_lines": 13, "num_statements": 13, "percent_covered": 100.0, "percent_covered_display": "100", "missing_lines": 0, "excluded_lines": 0, "num_branches": 0, "num_partial_branches": 0, "covered_branches": 0, "missing_branches": 0}, "missing_lines": [], "excluded_lines": [], "executed_branches": [], "missing_branches": []}}, "classes": {"ProfileError": {"executed_lines": [], "summary": {"covered_lines": 0, "num_statements": 0, "percent_covered": 100.0, "percent_covered_display": "100", "missing_lines": 0, "excluded_lines": 0, "num_branches": 0, "num_partial_branches": 0, "covered_branches": 0, "missing_branches": 0}, "missing_lines": [], "excluded_lines": [], "executed_branches": [], "missing_branches": []}, "": {"executed_lines": [1, 20, 21, 22, 23, 24, 27, 28, 30, 33, 35, 38, 39, 43, 44, 48, 49, 50, 60, 61, 63, 66, 68, 71, 73, 74, 75, 76, 77, 78, 80, 83, 85, 86, 87, 88, 89, 90, 95, 110, 111, 114, 115, 117, 118, 121, 122, 123, 124, 129, 130, 131, 132, 133, 141, 142, 144, 145, 148, 151, 153, 156, 165, 167, 168, 169, 172, 173, 174, 177, 178, 180, 183, 204, 205, 210, 213, 214, 216, 218, 223, 224, 227, 228, 229, 232, 235, 238, 240, 242, 243, 244, 249, 251, 252, 253, 257, 259, 260, 263, 266, 268], "summary": {"covered_lines": 100, "num_statements": 117, "percent_covered": 80.22598870056497, "percent_covered_display": "80", "missing_lines": 17, "excluded_lines": 0, "num_branches": 60, "num_partial_branches": 14, "covered_branches": 42, "missing_branches": 18}, "missing_lines": [40, 45, 53, 69, 92, 125, 126, 134, 135, 136, 138, 170, 245, 246, 248, 255, 256], "excluded_lines": [], "executed_branches": [[39, 43], [44, 48], [49, 50], [60, 61], [68, 71], [76, 77], [76, 78], [85, 86], [85, 87], [87, 88], [87, 89], [89, 90], [114, 115], [114, 144], [117, 118], [117, 121], [122, 123], [129, 130], [129, 141], [131, 132], [141, 142], [144, 145], [144, 148], [167, 168], [169, 172], [172, 173], [172, 177], [173, 172], [173, 174], [177, 178], [204, 205], [204, 210], [213, 214], [213, 223], [240, 242], [240, 249], [243, 244], [249, 251], [249, 253], [253, 257], [257, 259], [257, 263]], "missing_branches": [[39, 40], [44, 45], [49, 53], [60, 63], [68, 69], [89, 92], [122, 129], [131, 136], [136, 138], [136, 141], [141, 114], [167, 180], [169, 170], [177, 167], [243, 245], [245, 246], [245, 248], [253, 255]]}}}, "src/jn/profiles/resolver.py": {"executed_lines": [1, 16, 17, 18, 19, 22, 23, 25, 28, 81, 85, 88, 91, 94, 99, 100, 111, 114, 117, 120, 121, 123, 125, 126, 127, 128, 130, 131, 133, 144, 149, 154, 160, 163, 165], "summary": {"covered_lines": 33, "num_statements": 36, "percent_covered": 85.41666666666667, "percent_covered_display": "85", "missing_lines": 3, "excluded_lines": 0, "num_branches": 12, "num_partial_branches": 4, "covered_branches": 8, "missing_branches": 4}, "missing_lines": [82, 135, 138], "excluded_lines": [], "executed_branches": [[81, 85], [99, 100], [123, 125], [128, 123], [128, 130], [133, 144], [160, 163], [160, 165]], "missing_branches": [[81, 82], [99, 111], [123, 133], [133, 135]], "functions": {"resolve_profile": {"executed_lines": [81, 85, 88, 91, 94, 99, 100, 111, 114, 117, 120, 121, 123, 125, 126, 127, 128, 130, 131, 133, 144, 149, 154, 160, 163, 165], "summary": {"covered_lines": 26, "num_statements": 29, "percent_covered": 82.92682926829268, "percent_covered_display": "83", "missing_lines": 3, "excluded_lines": 0, "num_branches": 12, "num_partial_branches": 4, "covered_branches": 8, "missing_branches": 4}, "missing_lines": [82, 135, 138], "excluded_lines": [], "executed_branches": [[81, 85], [99, 100], [123, 125], [128, 123], [128, 130], [133, 144], [160, 163], [160, 165]], "missing_branches": [[81, 82], [99, 111], [123, 133], [133, 135]]}, "": {"executed_lines": [1, 16, 17, 18, 19, 22, 23, 25, 28], "summary": {"covered_lines": 7, "num_statements": 7, "percent_covered": 100.0, "percent_covered_display": "100", "missing_lines": 0, "excluded_lines": 0, "num_branches": 0, "num_partial_branches": 0, "covered_branches": 0, "missing_branches": 0}, "missing_lines": [], "excluded_lines": [], "executed_branches": [], "missing_branches": []}}, "classes": {"ProfileError": {"executed_lines": [], "summary": {"covered_lines": 0, "num_statements": 0, "percent_covered": 100.0, "percent_covered_display": "100", "missing_lines": 0, "excluded_lines": 0, "num_branches": 0, "num_partial_branches": 0, "covered_branches": 0, "missing_branches": 0}, "missing_lines": [], "excluded_lines": [], "executed_branches": [], "missing_branches": []}, "": {"executed_lines": [1, 16, 17, 18, 19, 22, 23, 25, 28, 81, 85, 88, 91, 94, 99, 100, 111, 114, 117, 120, 121, 123, 125, 126, 127, 128, 130, 131, 133, 144, 149, 154, 160, 163, 165], "summary": {"covered_lines": 33, "num_statements": 36, "percent_covered": 85.41666666666667, "percent_covered_display": "85", "missing_lines": 3, "excluded_lines": 0, "num_branches": 12, "num_partial_branches": 4, "covered_branches": 8, "missing_branches": 4}, "missing_lines": [82, 135, 138], "excluded_lines": [], "executed_branches": [[81, 85], [99, 100], [123, 125], [128, 123], [128, 130], [133, 144], [160, 163], [160, 165]], "missing_branches": [[81, 82], [99, 111], [123, 133], [133, 135]]}}}, "src/jn/profiles/service.py": {"executed_lines": [1, 7, 8, 9, 10, 11, 12, 14, 17, 18, 19, 21, 22, 23, 24, 25, 26, 27, 28, 31, 40, 43, 44, 45, 48, 49, 54, 55, 68, 69, 71, 74, 143, 185, 201, 203, 205, 206, 207, 210, 211, 212, 218, 221, 223, 224, 225, 226, 227, 229, 230, 233, 234, 236, 237, 239, 241, 242, 244, 260, 261, 268, 269, 270, 271, 273, 292, 295, 315, 318, 319, 322, 323, 326, 328, 335, 338, 353, 355, 356, 357, 359], "summary": {"covered_lines": 80, "num_statements": 137, "percent_covered": 55.223880597014926, "percent_covered_display": "55", "missing_lines": 57, "excluded_lines": 0, "num_branches": 64, "num_partial_branches": 9, "covered_branches": 31, "missing_branches": 33}, "missing_lines": [50, 57, 58, 59, 62, 79, 82, 83, 85, 86, 89, 90, 91, 96, 99, 101, 103, 104, 107, 108, 109, 111, 112, 115, 116, 119, 120, 122, 124, 125, 127, 128, 130, 132, 153, 156, 157, 160, 161, 163, 165, 166, 168, 169, 171, 173, 213, 214, 231, 262, 263, 264, 265, 285, 287, 288, 290], "excluded_lines": [], "executed_branches": [[44, 45], [49, 54], [54, 55], [68, 69], [206, 207], [210, 211], [210, 218], [212, 210], [218, 221], [224, 225], [226, 227], [226, 229], [229, 230], [229, 239], [230, 233], [236, 229], [236, 237], [241, 242], [241, 292], [268, 241], [268, 269], [269, 241], [269, 270], [318, 319], [318, 322], [322, 323], [322, 326], [355, 356], [355, 359], [356, 355], [356, 357]], "missing_branches": [[44, 48], [49, 50], [54, 57], [58, 59], [58, 62], [68, 71], [85, 86], [85, 107], [89, 90], [89, 99], [91, 96], [91, 99], [99, 85], [99, 101], [107, 108], [107, 119], [108, 109], [108, 115], [109, 108], [109, 111], [122, 124], [122, 127], [156, 157], [156, 160], [163, 165], [163, 168], [206, -205], [212, 213], [213, 210], [213, 214], [218, 292], [224, 239], [230, 231]], "functions": {"_get_profile_paths": {"executed_lines": [40, 43, 44, 45, 48, 49, 54, 55, 68, 69, 71], "summary": {"covered_lines": 11, "num_statements": 16, "percent_covered": 57.69230769230769, "percent_covered_display": "58", "missing_lines": 5, "excluded_lines": 0, "num_branches": 10, "num_partial_branches": 4, "covered_branches": 4, "missing_branches": 6}, "missing_lines": [50, 57, 58, 59, 62], "excluded_lines": [], "executed_branches": [[44, 45], [49, 54], [54, 55], [68, 69]], "missing_branches": [[44, 48], [49, 50], [54, 57], [58, 59], [58, 62], [68, 71]]}, "_parse_jq_profile": {"executed_lines": [], "summary": {"covered_lines": 0, "num_statements": 29, "percent_covered": 0.0, "percent_covered_display": "0", "missing_lines": 29, "excluded_lines": 0, "num_branches": 16, "num_partial_branches": 0, "covered_branches": 0, "missing_branches": 16}, "missing_lines": [79, 82, 83, 85, 86, 89, 90, 91, 96, 99, 101, 103, 104, 107, 108, 109, 111, 112, 115, 116, 119, 120, 122, 124, 125, 127, 128, 130, 132], "excluded_lines": [], "executed_branches": [], "missing_branches": [[85, 86], [85, 107], [89, 90], [89, 99], [91, 96], [91, 99], [99, 85], [99, 101], [107, 108], [107, 119], [108, 109], [108, 115], [109, 108], [109, 111], [122, 124], [122, 127]]}, "_parse_json_profile": {"executed_lines": [], "summary": {"covered_lines": 0, "num_statements": 12, "percent_covered": 0.0, "percent_covered_display": "0", "missing_lines": 12, "excluded_lines": 0, "num_branches": 4, "num_partial_branches": 0, "covered_branches": 0, "missing_branches": 4}, "missing_lines": [153, 156, 157, 160, 161, 163, 165, 166, 168, 169, 171, 173], "excluded_lines": [], "executed_branches": [], "missing_branches": [[156, 157], [156, 160], [163, 165], [163, 168]]}, "list_all_profiles": {"executed_lines": [201, 203, 205, 210, 211, 212, 218, 221, 223, 224, 225, 226, 227, 229, 230, 233, 234, 236, 237, 239, 241, 242, 244, 260, 261, 268, 269, 270, 271, 273, 292], "summary": {"covered_lines": 31, "num_statements": 42, "percent_covered": 74.24242424242425, "percent_covered_display": "74", "missing_lines": 11, "excluded_lines": 0, "num_branches": 24, "num_partial_branches": 4, "covered_branches": 18, "missing_branches": 6}, "missing_lines": [213, 214, 231, 262, 263, 264, 265, 285, 287, 288, 290], "excluded_lines": [], "executed_branches": [[210, 211], [210, 218], [212, 210], [218, 221], [224, 225], [226, 227], [226, 229], [229, 230], [229, 239], [230, 233], [236, 229], [236, 237], [241, 242], [241, 292], [268, 241], [268, 269], [269, 241], [269, 270]], "missing_branches": [[212, 213], [213, 210], [213, 214], [218, 292], [224, 239], [230, 231]]}, "list_all_profiles._add_profile": {"executed_lines": [206, 207], "summary": {"covered_lines": 2, "num_statements": 2, "percent_covered": 75.0, "percent_covered_display": "75", "missing_lines": 0, "excluded_lines": 0, "num_branches": 2, "num_partial_branches": 1, "covered_branches": 1, "missing_branches": 1}, "missing_lines": [], "excluded_lines": [], "executed_branches": [[206, 207]], "missing_branches": [[206, -205]]}, "search_profiles": {"executed_lines": [315, 318, 319, 322, 323, 326, 328, 335], "summary": {"covered_lines": 8, "num_statements": 8, "percent_covered": 100.0, "percent_covered_display": "100", "missing_lines": 0, "excluded_lines": 0, "num_branches": 4, "num_partial_branches": 0, "covered_branches": 4, "missing_branches": 0}, "missing_lines": [], "excluded_lines": [], "executed_branches": [[318, 319], [318, 322], [322, 323], [322, 326]], "missing_branches": []}, "get_profile_info": {"executed_lines": [353, 355, 356, 357, 359], "summary": {"covered_lines": 5, "num_statements": 5, "percent_covered": 100.0, "percent_covered_display": "100", "missing_lines": 0, "excluded_lines": 0, "num_branches": 4, "num_partial_branches": 0, "covered_branches": 4, "missing_branches": 0}, "missing_lines": [], "excluded_lines": [], "executed_branches": [[355, 356], [355, 359], [356, 355], [356, 357]], "missing_branches": []}, "": {"executed_lines": [1, 7, 8, 9, 10, 11, 12, 14, 17, 18, 19, 21, 22, 23, 24, 25, 26, 27, 28, 31, 74, 143, 185, 295, 338], "summary": {"covered_lines": 23, "num_statements": 23, "percent_covered": 100.0, "percent_covered_display": "100", "missing_lines": 0, "excluded_lines": 0, "num_branches": 0, "num_partial_branches": 0, "covered_branches": 0, "missing_branches": 0}, "missing_lines": [], "excluded_lines": [], "executed_branches": [], "missing_branches": []}}, "classes": {"ProfileInfo": {"executed_lines": [], "summary": {"covered_lines": 0, "num_statements": 0, "percent_covered": 100.0, "percent_covered_display": "100", "missing_lines": 0, "excluded_lines": 0, "num_branches": 0, "num_partial_branches": 0, "covered_branches": 0, "missing_branches": 0}, "missing_lines": [], "excluded_lines": [], "executed_branches": [], "missing_branches": []}, "": {"executed_lines": [1, 7, 8, 9, 10, 11, 12, 14, 17, 18, 19, 21, 22, 23, 24, 25, 26, 27, 28, 31, 40, 43, 44, 45, 48, 49, 54, 55, 68, 69, 71, 74, 143, 185, 201, 203, 205, 206, 207, 210, 211, 212, 218, 221, 223, 224, 225, 226, 227, 229, 230, 233, 234, 236, 237, 239, 241, 242, 244, 260, 261, 268, 269, 270, 271, 273, 292, 295, 315, 318, 319, 322, 323, 326, 328, 335, 338, 353, 355, 356, 357, 359], "summary": {"covered_lines": 80, "num_statements": 137, "percent_covered": 55.223880597014926, "percent_covered_display": "55", "missing_lines": 57, "excluded_lines": 0, "num_branches": 64, "num_partial_branches": 9, "covered_branches": 31, "missing_branches": 33}, "missing_lines": [50, 57, 58, 59, 62, 79, 82, 83, 85, 86, 89, 90, 91, 96, 99, 101, 103, 104, 107, 108, 109, 111, 112, 115, 116, 119, 120, 122, 124, 125, 127, 128, 130, 132, 153, 156, 157, 160, 161, 163, 165, 166, 168, 169, 171, 173, 213, 214, 231, 262, 263, 264, 265, 285, 287, 288, 290], "excluded_lines": [], "executed_branches": [[44, 45], [49, 54], [54, 55], [68, 69], [206, 207], [210, 211], [210, 218], [212, 210], [218, 221], [224, 225], [226, 227], [226, 229], [229, 230], [229, 239], [230, 233], [236, 229], [236, 237], [241, 242], [241, 292], [268, 241], [268, 269], [269, 241], [269, 270], [318, 319], [318, 322], [322, 323], [322, 326], [355, 356], [355, 359], [356, 355], [356, 357]], "missing_branches": [[44, 48], [49, 50], [54, 57], [58, 59], [58, 62], [68, 71], [85, 86], [85, 107], [89, 90], [89, 99], [91, 96], [91, 99], [99, 85], [99, 101], [107, 108], [107, 119], [108, 109], [108, 115], [109, 108], [109, 111], [122, 124], [122, 127], [156, 157], [156, 160], [163, 165], [163, 168], [206, -205], [212, 213], [213, 210], [213, 214], [218, 292], [224, 239], [230, 231]]}}}, "src/jn/shell/__init__.py": {"executed_lines": [1], "summary": {"covered_lines": 0, "num_statements": 0, "percent_covered": 100.0, "percent_covered_display": "100", "missing_lines": 0, "excluded_lines": 0, "num_branches": 0, "num_partial_branches": 0, "covered_branches": 0, "missing_branches": 0}, "missing_lines": [], "excluded_lines": [], "executed_branches": [], "missing_branches": [], "functions": {"": {"executed_lines": [1], "summary": {"covered_lines": 0, "num_statements": 0, "percent_covered": 100.0, "percent_covered_display": "100", "missing_lines": 0, "excluded_lines": 0, "num_branches": 0, "num_partial_branches": 0, "covered_branches": 0, "missing_branches": 0}, "missing_lines": [], "excluded_lines": [], "executed_branches": [], "missing_branches": []}}, "classes": {"": {"executed_lines": [1], "summary": {"covered_lines": 0, "num_statements": 0, "percent_covered": 100.0, "percent_covered_display": "100", "missing_lines": 0, "excluded_lines": 0, "num_branches": 0, "num_partial_branches": 0, "covered_branches": 0, "missing_branches": 0}, "missing_lines": [], "excluded_lines": [], "executed_branches": [], "missing_branches": []}}}, "src/jn/shell/jc_fallback.py": {"executed_lines": [1, 6, 7, 8, 9, 10, 12, 17, 31, 33, 36, 45, 48, 50, 54, 59], "summary": {"covered_lines": 15, "num_statements": 86, "percent_covered": 13.559322033898304, "percent_covered_display": "14", "missing_lines": 71, "excluded_lines": 0, "num_branches": 32, "num_partial_branches": 1, "covered_branches": 1, "missing_branches": 31}, "missing_lines": [46, 55, 56, 71, 72, 76, 77, 80, 81, 82, 83, 84, 85, 87, 88, 89, 90, 92, 95, 96, 100, 101, 105, 106, 109, 110, 111, 112, 113, 114, 116, 118, 119, 121, 123, 127, 137, 138, 141, 143, 144, 145, 148, 149, 150, 151, 152, 153, 156, 157, 158, 160, 162, 163, 164, 165, 168, 169, 172, 173, 174, 175, 177, 179, 180, 181, 182, 183, 185, 186, 188], "excluded_lines": [], "executed_branches": [[45, 48]], "missing_branches": [[45, 46], [71, 72], [71, 80], [87, 88], [87, 92], [95, 96], [95, 105], [106, 109], [106, 116], [109, 110], [109, 118], [110, 111], [110, 112], [112, 109], [112, 113], [137, 138], [137, 141], [141, 143], [141, 148], [143, 144], [143, 168], [149, 150], [149, 151], [156, 157], [156, 160], [157, 158], [157, 168], [172, 173], [172, 174], [174, 175], [174, 177]], "functions": {"is_jc_available": {"executed_lines": [33], "summary": {"covered_lines": 1, "num_statements": 1, "percent_covered": 100.0, "percent_covered_display": "100", "missing_lines": 0, "excluded_lines": 0, "num_branches": 0, "num_partial_branches": 0, "covered_branches": 0, "missing_branches": 0}, "missing_lines": [], "excluded_lines": [], "executed_branches": [], "missing_branches": []}, "supports_command": {"executed_lines": [45, 48, 50, 54], "summary": {"covered_lines": 4, "num_statements": 7, "percent_covered": 55.55555555555556, "percent_covered_display": "56", "missing_lines": 3, "excluded_lines": 0, "num_branches": 2, "num_partial_branches": 1, "covered_branches": 1, "missing_branches": 1}, "missing_lines": [46, 55, 56], "excluded_lines": [], "executed_branches": [[45, 48]], "missing_branches": [[45, 46]]}, "execute_with_jc": {"executed_lines": [], "summary": {"covered_lines": 0, "num_statements": 68, "percent_covered": 0.0, "percent_covered_display": "0", "missing_lines": 68, "excluded_lines": 0, "num_branches": 30, "num_partial_branches": 0, "covered_branches": 0, "missing_branches": 30}, "missing_lines": [71, 72, 76, 77, 80, 81, 82, 83, 84, 85, 87, 88, 89, 90, 92, 95, 96, 100, 101, 105, 106, 109, 110, 111, 112, 113, 114, 116, 118, 119, 121, 123, 127, 137, 138, 141, 143, 144, 145, 148, 149, 150, 151, 152, 153, 156, 157, 158, 160, 162, 163, 164, 165, 168, 169, 172, 173, 174, 175, 177, 179, 180, 181, 182, 183, 185, 186, 188], "excluded_lines": [], "executed_branches": [], "missing_branches": [[71, 72], [71, 80], [87, 88], [87, 92], [95, 96], [95, 105], [106, 109], [106, 116], [109, 110], [109, 118], [110, 111], [110, 112], [112, 109], [112, 113], [137, 138], [137, 141], [141, 143], [141, 148], [143, 144], [143, 168], [149, 150], [149, 151], [156, 157], [156, 160], [157, 158], [157, 168], [172, 173], [172, 174], [174, 175], [174, 177]]}, "": {"executed_lines": [1, 6, 7, 8, 9, 10, 12, 17, 31, 36, 59], "summary": {"covered_lines": 10, "num_statements": 10, "percent_covered": 100.0, "percent_covered_display": "100", "missing_lines": 0, "excluded_lines": 0, "num_branches": 0, "num_partial_branches": 0, "covered_branches": 0, "missing_branches": 0}, "missing_lines": [], "excluded_lines": [], "executed_branches": [], "missing_branches": []}}, "classes": {"": {"executed_lines": [1, 6, 7, 8, 9, 10, 12, 17, 31, 33, 36, 45, 48, 50, 54, 59], "summary": {"covered_lines": 15, "num_statements": 86, "percent_covered": 13.559322033898304, "percent_covered_display": "14", "missing_lines": 71, "excluded_lines": 0, "num_branches": 32, "num_partial_branches": 1, "covered_branches": 1, "missing_branches": 31}, "missing_lines": [46, 55, 56, 71, 72, 76, 77, 80, 81, 82, 83, 84, 85, 87, 88, 89, 90, 92, 95, 96, 100, 101, 105, 106, 109, 110, 111, 112, 113, 114, 116, 118, 119, 121, 123, 127, 137, 138, 141, 143, 144, 145, 148, 149, 150, 151, 152, 153, 156, 157, 158, 160, 162, 163, 164, 165, 168, 169, 172, 173, 174, 175, 177, 179, 180, 181, 182, 183, 185, 186, 188], "excluded_lines": [], "executed_branches": [[45, 48]], "missing_branches": [[45, 46], [71, 72], [71, 80], [87, 88], [87, 92], [95, 96], [95, 105], [106, 109], [106, 116], [109, 110], [109, 118], [110, 111], [110, 112], [112, 109], [112, 113], [137, 138], [137, 141], [141, 143], [141, 148], [143, 144], [143, 168], [149, 150], [149, 151], [156, 157], [156, 160], [157, 158], [157, 168], [172, 173], [172, 174], [174, 175], [174, 177]]}}}}, "totals": {"covered_lines": 2730, "num_statements": 3590, "percent_covered": 72.82394643560457, "percent_covered_display": "73", "missing_lines": 860, "excluded_lines": 2, "num_branches": 1488, "num_partial_branches": 274, "covered_branches": 968, "missing_branches": 520}}