SF:src/module/file_a.py
FN:10,20,function_one
FN:25,40,function_two
FN:45,50,function_three
FNDA:5,function_one
FNDA:0,function_two
FNDA:3,function_three
DA:10,5
DA:11,5
DA:12,5
DA:13,5
DA:14,5
DA:15,5
DA:16,5
DA:17,5
DA:18,5
DA:19,5
DA:20,5
DA:25,0
DA:26,0
DA:27,0
DA:28,0
DA:29,0
DA:30,0
DA:31,0
DA:32,0
DA:33,0
DA:34,0
DA:35,0
DA:36,0
DA:37,0
DA:38,0
DA:39,0
DA:40,0
DA:45,3
DA:46,3
DA:47,3
DA:48,3
DA:49,3
DA:50,3
BRDA:12,0,0,5
BRDA:12,0,1,0
BRDA:47,0,0,3
BRDA:47,0,1,2
LF:38
LH:17
FNF:3
FNH:2
BRF:4
BRH:3
end_of_record
SF:src/module/file_b.py
FN:5,15,helper_func
FN:20,30,main_logic
FNDA:10,helper_func
FNDA:8,main_logic
DA:5,10
DA:6,10
DA:7,10
DA:8,10
DA:9,10
DA:10,10
DA:11,10
DA:12,10
DA:13,10
DA:14,10
DA:15,10
DA:20,8
DA:21,8
DA:22,8
DA:23,8
DA:24,8
DA:25,0
DA:26,0
DA:27,8
DA:28,8
DA:29,8
DA:30,8
BRDA:8,0,0,10
BRDA:8,0,1,5
BRDA:22,0,0,8
BRDA:22,0,1,0
LF:22
LH:20
FNF:2
FNH:2
BRF:4
BRH:3
end_of_record
SF:src/other/file_c.py
FN:1,5,tiny_func
FNDA:100,tiny_func
DA:1,100
DA:2,100
DA:3,100
DA:4,100
DA:5,100
LF:5
LH:5
FNF:1
FNH:1
BRF:0
BRH:0
end_of_record
